2022-05-09 10:08:32,488 INFO org.springframework.boot.StartupInfoLogger [restartedMain] Starting AccountsServiceApplication using Java 1.8.0_333 on LIM-99WZ9C3 with PID 8628 (C:\Users\rgaraymi\IdeaProjects\AccountsService\target\classes started by rgaraymi in C:\Users\rgaraymi\IdeaProjects\AccountsService)
2022-05-09 10:08:32,494 INFO org.springframework.boot.SpringApplication [restartedMain] The following 1 profile is active: "default"
2022-05-09 10:08:38,341 INFO org.springframework.boot.StartupInfoLogger [restartedMain] Started AccountsServiceApplication in 7.514 seconds (JVM running for 9.259)
2022-05-09 10:09:17,314 INFO com.group7.accountsservice.serviceimpl.AccountServiceImpl [nioEventLoopGroup-3-7] Retrieving all Accounts
2022-05-09 10:09:29,518 ERROR com.group7.accountsservice.serviceimpl.AccountServiceImpl [nioEventLoopGroup-3-7] Error creating new Account
com.group7.accountsservice.exception.account.AccountCreationException: Client already have a Current account
	at com.group7.accountsservice.serviceimpl.AccountServiceImpl.lambda$save$10(AccountServiceImpl.java:82)
	at reactor.core.publisher.Mono.lambda$onErrorMap$31(Mono.java:3733)
	at reactor.core.publisher.FluxOnErrorResume$ResumeSubscriber.onError(FluxOnErrorResume.java:94)
	at reactor.core.publisher.FluxMapFuseable$MapFuseableSubscriber.onError(FluxMapFuseable.java:140)
	at reactor.core.publisher.MonoFlatMap$FlatMapMain.onError(MonoFlatMap.java:172)
	at reactor.core.publisher.FluxMapFuseable$MapFuseableSubscriber.onError(FluxMapFuseable.java:140)
	at reactor.core.publisher.MonoFlatMap$FlatMapMain.secondError(MonoFlatMap.java:192)
	at reactor.core.publisher.MonoFlatMap$FlatMapInner.onError(MonoFlatMap.java:259)
	at reactor.core.publisher.MonoFlatMap$FlatMapMain.onNext(MonoFlatMap.java:142)
	at reactor.core.publisher.Operators$MonoSubscriber.complete(Operators.java:1816)
	at reactor.core.publisher.MonoHasElements$HasElementsSubscriber.onNext(MonoHasElements.java:82)
	at reactor.core.publisher.FluxUsingWhen$UsingWhenSubscriber.onNext(FluxUsingWhen.java:345)
	at reactor.core.publisher.FluxOnErrorResume$ResumeSubscriber.onNext(FluxOnErrorResume.java:79)
	at reactor.core.publisher.MonoFlatMapMany$FlatMapManyInner.onNext(MonoFlatMapMany.java:250)
	at reactor.core.publisher.FluxConcatMap$ConcatMapImmediate.drain(FluxConcatMap.java:431)
	at reactor.core.publisher.FluxConcatMap$ConcatMapImmediate.onNext(FluxConcatMap.java:251)
	at reactor.core.publisher.FluxCreate$BufferAsyncSink.drain(FluxCreate.java:814)
	at reactor.core.publisher.FluxCreate$BufferAsyncSink.next(FluxCreate.java:739)
	at reactor.core.publisher.FluxCreate$SerializedFluxSink.next(FluxCreate.java:161)
	at java.util.ArrayList.forEach(ArrayList.java:1259)
	at com.mongodb.reactivestreams.client.internal.BatchCursorFlux.lambda$recurseCursor$4(BatchCursorFlux.java:94)
	at reactor.core.publisher.MonoPeekTerminal$MonoTerminalPeekSubscriber.onNext(MonoPeekTerminal.java:171)
	at reactor.core.publisher.MonoPeekTerminal$MonoTerminalPeekSubscriber.onNext(MonoPeekTerminal.java:180)
	at reactor.core.publisher.FluxPeekFuseable$PeekConditionalSubscriber.onNext(FluxPeekFuseable.java:854)
	at reactor.core.publisher.MonoCreate$DefaultMonoSink.success(MonoCreate.java:172)
	at com.mongodb.reactivestreams.client.internal.MongoOperationPublisher.lambda$sinkToCallback$30(MongoOperationPublisher.java:549)
	at com.mongodb.internal.operation.AsyncQueryBatchCursor.next(AsyncQueryBatchCursor.java:167)
	at com.mongodb.reactivestreams.client.internal.BatchCursor.lambda$next$0(BatchCursor.java:35)
	at reactor.core.publisher.MonoCreate.subscribe(MonoCreate.java:58)
	at reactor.core.publisher.Mono.subscribe(Mono.java:4400)
	at reactor.core.publisher.Mono.subscribeWith(Mono.java:4515)
	at reactor.core.publisher.Mono.subscribe(Mono.java:4232)
	at com.mongodb.reactivestreams.client.internal.BatchCursorFlux.recurseCursor(BatchCursorFlux.java:104)
	at com.mongodb.reactivestreams.client.internal.BatchCursorFlux.lambda$subscribe$0(BatchCursorFlux.java:56)
	at reactor.core.publisher.LambdaMonoSubscriber.onNext(LambdaMonoSubscriber.java:171)
	at reactor.core.publisher.FluxMap$MapSubscriber.onNext(FluxMap.java:120)
	at reactor.core.publisher.MonoNext$NextSubscriber.onNext(MonoNext.java:82)
	at reactor.core.publisher.MonoNext$NextSubscriber.onNext(MonoNext.java:82)
	at reactor.core.publisher.Operators$MonoSubscriber.complete(Operators.java:1816)
	at reactor.core.publisher.MonoFlatMap$FlatMapInner.onNext(MonoFlatMap.java:249)
	at reactor.core.publisher.MonoPeekTerminal$MonoTerminalPeekSubscriber.onNext(MonoPeekTerminal.java:180)
	at reactor.core.publisher.MonoCreate$DefaultMonoSink.success(MonoCreate.java:172)
	at com.mongodb.reactivestreams.client.internal.MongoOperationPublisher.lambda$sinkToCallback$30(MongoOperationPublisher.java:549)
	at com.mongodb.reactivestreams.client.internal.OperationExecutorImpl.lambda$execute$2(OperationExecutorImpl.java:92)
	at com.mongodb.internal.async.ErrorHandlingResultCallback.onResult(ErrorHandlingResultCallback.java:48)
	at com.mongodb.internal.async.function.AsyncCallbackSupplier.lambda$whenComplete$1(AsyncCallbackSupplier.java:95)
	at com.mongodb.internal.async.function.RetryingAsyncCallbackSupplier$RetryingCallback.onResult(RetryingAsyncCallbackSupplier.java:114)
	at com.mongodb.internal.async.ErrorHandlingResultCallback.onResult(ErrorHandlingResultCallback.java:48)
	at com.mongodb.internal.async.function.AsyncCallbackSupplier.lambda$whenComplete$1(AsyncCallbackSupplier.java:95)
	at com.mongodb.internal.async.ErrorHandlingResultCallback.onResult(ErrorHandlingResultCallback.java:48)
	at com.mongodb.internal.async.function.AsyncCallbackSupplier.lambda$whenComplete$1(AsyncCallbackSupplier.java:95)
	at com.mongodb.internal.operation.FindOperation$2.onResult(FindOperation.java:762)
	at com.mongodb.internal.operation.CommandOperationHelper.lambda$transformingReadCallback$10(CommandOperationHelper.java:329)
	at com.mongodb.internal.async.ErrorHandlingResultCallback.onResult(ErrorHandlingResultCallback.java:48)
	at com.mongodb.internal.connection.DefaultServer$DefaultServerProtocolExecutor$2.onResult(DefaultServer.java:280)
	at com.mongodb.internal.async.ErrorHandlingResultCallback.onResult(ErrorHandlingResultCallback.java:48)
	at com.mongodb.internal.connection.CommandProtocolImpl$1.onResult(CommandProtocolImpl.java:84)
	at com.mongodb.internal.connection.DefaultConnectionPool$PooledConnection$1.onResult(DefaultConnectionPool.java:687)
	at com.mongodb.internal.connection.UsageTrackingInternalConnection$2.onResult(UsageTrackingInternalConnection.java:159)
	at com.mongodb.internal.async.ErrorHandlingResultCallback.onResult(ErrorHandlingResultCallback.java:48)
	at com.mongodb.internal.connection.InternalStreamConnection$2$1.onResult(InternalStreamConnection.java:526)
	at com.mongodb.internal.connection.InternalStreamConnection$2$1.onResult(InternalStreamConnection.java:503)
	at com.mongodb.internal.connection.InternalStreamConnection$MessageHeaderCallback$MessageCallback.onResult(InternalStreamConnection.java:815)
	at com.mongodb.internal.connection.InternalStreamConnection$MessageHeaderCallback$MessageCallback.onResult(InternalStreamConnection.java:782)
	at com.mongodb.internal.connection.InternalStreamConnection$5.completed(InternalStreamConnection.java:650)
	at com.mongodb.internal.connection.InternalStreamConnection$5.completed(InternalStreamConnection.java:647)
	at com.mongodb.connection.netty.NettyStream.readAsync(NettyStream.java:319)
	at com.mongodb.connection.netty.NettyStream.readAsync(NettyStream.java:266)
	at com.mongodb.internal.connection.InternalStreamConnection.readAsync(InternalStreamConnection.java:647)
	at com.mongodb.internal.connection.InternalStreamConnection.access$600(InternalStreamConnection.java:86)
	at com.mongodb.internal.connection.InternalStreamConnection$MessageHeaderCallback.onResult(InternalStreamConnection.java:772)
	at com.mongodb.internal.connection.InternalStreamConnection$MessageHeaderCallback.onResult(InternalStreamConnection.java:757)
	at com.mongodb.internal.connection.InternalStreamConnection$5.completed(InternalStreamConnection.java:650)
	at com.mongodb.internal.connection.InternalStreamConnection$5.completed(InternalStreamConnection.java:647)
	at com.mongodb.connection.netty.NettyStream.readAsync(NettyStream.java:319)
	at com.mongodb.connection.netty.NettyStream.handleReadResponse(NettyStream.java:347)
	at com.mongodb.connection.netty.NettyStream.access$1100(NettyStream.java:105)
	at com.mongodb.connection.netty.NettyStream$InboundBufferHandler.channelRead0(NettyStream.java:421)
	at com.mongodb.connection.netty.NettyStream$InboundBufferHandler.channelRead0(NettyStream.java:418)
	at io.netty.channel.SimpleChannelInboundHandler.channelRead(SimpleChannelInboundHandler.java:99)
	at io.netty.channel.AbstractChannelHandlerContext.invokeChannelRead(AbstractChannelHandlerContext.java:379)
	at io.netty.channel.AbstractChannelHandlerContext.invokeChannelRead(AbstractChannelHandlerContext.java:365)
	at io.netty.channel.AbstractChannelHandlerContext.fireChannelRead(AbstractChannelHandlerContext.java:357)
	at io.netty.handler.ssl.SslHandler.unwrap(SslHandler.java:1372)
	at io.netty.handler.ssl.SslHandler.decodeJdkCompatible(SslHandler.java:1235)
	at io.netty.handler.ssl.SslHandler.decode(SslHandler.java:1284)
	at io.netty.handler.codec.ByteToMessageDecoder.decodeRemovalReentryProtection(ByteToMessageDecoder.java:510)
	at io.netty.handler.codec.ByteToMessageDecoder.callDecode(ByteToMessageDecoder.java:449)
	at io.netty.handler.codec.ByteToMessageDecoder.channelRead(ByteToMessageDecoder.java:279)
	at io.netty.channel.AbstractChannelHandlerContext.invokeChannelRead(AbstractChannelHandlerContext.java:379)
	at io.netty.channel.AbstractChannelHandlerContext.invokeChannelRead(AbstractChannelHandlerContext.java:365)
	at io.netty.channel.AbstractChannelHandlerContext.fireChannelRead(AbstractChannelHandlerContext.java:357)
	at io.netty.channel.DefaultChannelPipeline$HeadContext.channelRead(DefaultChannelPipeline.java:1410)
	at io.netty.channel.AbstractChannelHandlerContext.invokeChannelRead(AbstractChannelHandlerContext.java:379)
	at io.netty.channel.AbstractChannelHandlerContext.invokeChannelRead(AbstractChannelHandlerContext.java:365)
	at io.netty.channel.DefaultChannelPipeline.fireChannelRead(DefaultChannelPipeline.java:919)
	at io.netty.channel.nio.AbstractNioByteChannel$NioByteUnsafe.read(AbstractNioByteChannel.java:166)
	at io.netty.channel.nio.NioEventLoop.processSelectedKey(NioEventLoop.java:722)
	at io.netty.channel.nio.NioEventLoop.processSelectedKeysOptimized(NioEventLoop.java:658)
	at io.netty.channel.nio.NioEventLoop.processSelectedKeys(NioEventLoop.java:584)
	at io.netty.channel.nio.NioEventLoop.run(NioEventLoop.java:496)
	at io.netty.util.concurrent.SingleThreadEventExecutor$4.run(SingleThreadEventExecutor.java:986)
	at io.netty.util.internal.ThreadExecutorMap$2.run(ThreadExecutorMap.java:74)
	at io.netty.util.concurrent.FastThreadLocalRunnable.run(FastThreadLocalRunnable.java:30)
	at java.lang.Thread.run(Thread.java:750)
2022-05-09 10:09:36,092 ERROR com.group7.accountsservice.serviceimpl.AccountServiceImpl [nioEventLoopGroup-3-7] Error creating new Account
com.group7.accountsservice.exception.account.AccountCreationException: Client already have a Fixed Deposit account
	at com.group7.accountsservice.serviceimpl.AccountServiceImpl.lambda$save$10(AccountServiceImpl.java:82)
	at reactor.core.publisher.Mono.lambda$onErrorMap$31(Mono.java:3733)
	at reactor.core.publisher.FluxOnErrorResume$ResumeSubscriber.onError(FluxOnErrorResume.java:94)
	at reactor.core.publisher.FluxMapFuseable$MapFuseableSubscriber.onError(FluxMapFuseable.java:140)
	at reactor.core.publisher.MonoFlatMap$FlatMapMain.onError(MonoFlatMap.java:172)
	at reactor.core.publisher.FluxMapFuseable$MapFuseableSubscriber.onError(FluxMapFuseable.java:140)
	at reactor.core.publisher.MonoFlatMap$FlatMapMain.secondError(MonoFlatMap.java:192)
	at reactor.core.publisher.MonoFlatMap$FlatMapInner.onError(MonoFlatMap.java:259)
	at reactor.core.publisher.MonoFlatMap$FlatMapMain.onNext(MonoFlatMap.java:142)
	at reactor.core.publisher.Operators$MonoSubscriber.complete(Operators.java:1816)
	at reactor.core.publisher.MonoHasElements$HasElementsSubscriber.onNext(MonoHasElements.java:82)
	at reactor.core.publisher.FluxUsingWhen$UsingWhenSubscriber.onNext(FluxUsingWhen.java:345)
	at reactor.core.publisher.FluxOnErrorResume$ResumeSubscriber.onNext(FluxOnErrorResume.java:79)
	at reactor.core.publisher.MonoFlatMapMany$FlatMapManyInner.onNext(MonoFlatMapMany.java:250)
	at reactor.core.publisher.FluxConcatMap$ConcatMapImmediate.drain(FluxConcatMap.java:431)
	at reactor.core.publisher.FluxConcatMap$ConcatMapImmediate.onNext(FluxConcatMap.java:251)
	at reactor.core.publisher.FluxCreate$BufferAsyncSink.drain(FluxCreate.java:814)
	at reactor.core.publisher.FluxCreate$BufferAsyncSink.next(FluxCreate.java:739)
	at reactor.core.publisher.FluxCreate$SerializedFluxSink.next(FluxCreate.java:161)
	at java.util.ArrayList.forEach(ArrayList.java:1259)
	at com.mongodb.reactivestreams.client.internal.BatchCursorFlux.lambda$recurseCursor$4(BatchCursorFlux.java:94)
	at reactor.core.publisher.MonoPeekTerminal$MonoTerminalPeekSubscriber.onNext(MonoPeekTerminal.java:171)
	at reactor.core.publisher.MonoPeekTerminal$MonoTerminalPeekSubscriber.onNext(MonoPeekTerminal.java:180)
	at reactor.core.publisher.FluxPeekFuseable$PeekConditionalSubscriber.onNext(FluxPeekFuseable.java:854)
	at reactor.core.publisher.MonoCreate$DefaultMonoSink.success(MonoCreate.java:172)
	at com.mongodb.reactivestreams.client.internal.MongoOperationPublisher.lambda$sinkToCallback$30(MongoOperationPublisher.java:549)
	at com.mongodb.internal.operation.AsyncQueryBatchCursor.next(AsyncQueryBatchCursor.java:167)
	at com.mongodb.reactivestreams.client.internal.BatchCursor.lambda$next$0(BatchCursor.java:35)
	at reactor.core.publisher.MonoCreate.subscribe(MonoCreate.java:58)
	at reactor.core.publisher.Mono.subscribe(Mono.java:4400)
	at reactor.core.publisher.Mono.subscribeWith(Mono.java:4515)
	at reactor.core.publisher.Mono.subscribe(Mono.java:4232)
	at com.mongodb.reactivestreams.client.internal.BatchCursorFlux.recurseCursor(BatchCursorFlux.java:104)
	at com.mongodb.reactivestreams.client.internal.BatchCursorFlux.lambda$subscribe$0(BatchCursorFlux.java:56)
	at reactor.core.publisher.LambdaMonoSubscriber.onNext(LambdaMonoSubscriber.java:171)
	at reactor.core.publisher.FluxMap$MapSubscriber.onNext(FluxMap.java:120)
	at reactor.core.publisher.MonoNext$NextSubscriber.onNext(MonoNext.java:82)
	at reactor.core.publisher.MonoNext$NextSubscriber.onNext(MonoNext.java:82)
	at reactor.core.publisher.Operators$MonoSubscriber.complete(Operators.java:1816)
	at reactor.core.publisher.MonoFlatMap$FlatMapInner.onNext(MonoFlatMap.java:249)
	at reactor.core.publisher.MonoPeekTerminal$MonoTerminalPeekSubscriber.onNext(MonoPeekTerminal.java:180)
	at reactor.core.publisher.MonoCreate$DefaultMonoSink.success(MonoCreate.java:172)
	at com.mongodb.reactivestreams.client.internal.MongoOperationPublisher.lambda$sinkToCallback$30(MongoOperationPublisher.java:549)
	at com.mongodb.reactivestreams.client.internal.OperationExecutorImpl.lambda$execute$2(OperationExecutorImpl.java:92)
	at com.mongodb.internal.async.ErrorHandlingResultCallback.onResult(ErrorHandlingResultCallback.java:48)
	at com.mongodb.internal.async.function.AsyncCallbackSupplier.lambda$whenComplete$1(AsyncCallbackSupplier.java:95)
	at com.mongodb.internal.async.function.RetryingAsyncCallbackSupplier$RetryingCallback.onResult(RetryingAsyncCallbackSupplier.java:114)
	at com.mongodb.internal.async.ErrorHandlingResultCallback.onResult(ErrorHandlingResultCallback.java:48)
	at com.mongodb.internal.async.function.AsyncCallbackSupplier.lambda$whenComplete$1(AsyncCallbackSupplier.java:95)
	at com.mongodb.internal.async.ErrorHandlingResultCallback.onResult(ErrorHandlingResultCallback.java:48)
	at com.mongodb.internal.async.function.AsyncCallbackSupplier.lambda$whenComplete$1(AsyncCallbackSupplier.java:95)
	at com.mongodb.internal.operation.FindOperation$2.onResult(FindOperation.java:762)
	at com.mongodb.internal.operation.CommandOperationHelper.lambda$transformingReadCallback$10(CommandOperationHelper.java:329)
	at com.mongodb.internal.async.ErrorHandlingResultCallback.onResult(ErrorHandlingResultCallback.java:48)
	at com.mongodb.internal.connection.DefaultServer$DefaultServerProtocolExecutor$2.onResult(DefaultServer.java:280)
	at com.mongodb.internal.async.ErrorHandlingResultCallback.onResult(ErrorHandlingResultCallback.java:48)
	at com.mongodb.internal.connection.CommandProtocolImpl$1.onResult(CommandProtocolImpl.java:84)
	at com.mongodb.internal.connection.DefaultConnectionPool$PooledConnection$1.onResult(DefaultConnectionPool.java:687)
	at com.mongodb.internal.connection.UsageTrackingInternalConnection$2.onResult(UsageTrackingInternalConnection.java:159)
	at com.mongodb.internal.async.ErrorHandlingResultCallback.onResult(ErrorHandlingResultCallback.java:48)
	at com.mongodb.internal.connection.InternalStreamConnection$2$1.onResult(InternalStreamConnection.java:526)
	at com.mongodb.internal.connection.InternalStreamConnection$2$1.onResult(InternalStreamConnection.java:503)
	at com.mongodb.internal.connection.InternalStreamConnection$MessageHeaderCallback$MessageCallback.onResult(InternalStreamConnection.java:815)
	at com.mongodb.internal.connection.InternalStreamConnection$MessageHeaderCallback$MessageCallback.onResult(InternalStreamConnection.java:782)
	at com.mongodb.internal.connection.InternalStreamConnection$5.completed(InternalStreamConnection.java:650)
	at com.mongodb.internal.connection.InternalStreamConnection$5.completed(InternalStreamConnection.java:647)
	at com.mongodb.connection.netty.NettyStream.readAsync(NettyStream.java:319)
	at com.mongodb.connection.netty.NettyStream.readAsync(NettyStream.java:266)
	at com.mongodb.internal.connection.InternalStreamConnection.readAsync(InternalStreamConnection.java:647)
	at com.mongodb.internal.connection.InternalStreamConnection.access$600(InternalStreamConnection.java:86)
	at com.mongodb.internal.connection.InternalStreamConnection$MessageHeaderCallback.onResult(InternalStreamConnection.java:772)
	at com.mongodb.internal.connection.InternalStreamConnection$MessageHeaderCallback.onResult(InternalStreamConnection.java:757)
	at com.mongodb.internal.connection.InternalStreamConnection$5.completed(InternalStreamConnection.java:650)
	at com.mongodb.internal.connection.InternalStreamConnection$5.completed(InternalStreamConnection.java:647)
	at com.mongodb.connection.netty.NettyStream.readAsync(NettyStream.java:319)
	at com.mongodb.connection.netty.NettyStream.handleReadResponse(NettyStream.java:347)
	at com.mongodb.connection.netty.NettyStream.access$1100(NettyStream.java:105)
	at com.mongodb.connection.netty.NettyStream$InboundBufferHandler.channelRead0(NettyStream.java:421)
	at com.mongodb.connection.netty.NettyStream$InboundBufferHandler.channelRead0(NettyStream.java:418)
	at io.netty.channel.SimpleChannelInboundHandler.channelRead(SimpleChannelInboundHandler.java:99)
	at io.netty.channel.AbstractChannelHandlerContext.invokeChannelRead(AbstractChannelHandlerContext.java:379)
	at io.netty.channel.AbstractChannelHandlerContext.invokeChannelRead(AbstractChannelHandlerContext.java:365)
	at io.netty.channel.AbstractChannelHandlerContext.fireChannelRead(AbstractChannelHandlerContext.java:357)
	at io.netty.handler.ssl.SslHandler.unwrap(SslHandler.java:1372)
	at io.netty.handler.ssl.SslHandler.decodeJdkCompatible(SslHandler.java:1235)
	at io.netty.handler.ssl.SslHandler.decode(SslHandler.java:1284)
	at io.netty.handler.codec.ByteToMessageDecoder.decodeRemovalReentryProtection(ByteToMessageDecoder.java:510)
	at io.netty.handler.codec.ByteToMessageDecoder.callDecode(ByteToMessageDecoder.java:449)
	at io.netty.handler.codec.ByteToMessageDecoder.channelRead(ByteToMessageDecoder.java:279)
	at io.netty.channel.AbstractChannelHandlerContext.invokeChannelRead(AbstractChannelHandlerContext.java:379)
	at io.netty.channel.AbstractChannelHandlerContext.invokeChannelRead(AbstractChannelHandlerContext.java:365)
	at io.netty.channel.AbstractChannelHandlerContext.fireChannelRead(AbstractChannelHandlerContext.java:357)
	at io.netty.channel.DefaultChannelPipeline$HeadContext.channelRead(DefaultChannelPipeline.java:1410)
	at io.netty.channel.AbstractChannelHandlerContext.invokeChannelRead(AbstractChannelHandlerContext.java:379)
	at io.netty.channel.AbstractChannelHandlerContext.invokeChannelRead(AbstractChannelHandlerContext.java:365)
	at io.netty.channel.DefaultChannelPipeline.fireChannelRead(DefaultChannelPipeline.java:919)
	at io.netty.channel.nio.AbstractNioByteChannel$NioByteUnsafe.read(AbstractNioByteChannel.java:166)
	at io.netty.channel.nio.NioEventLoop.processSelectedKey(NioEventLoop.java:722)
	at io.netty.channel.nio.NioEventLoop.processSelectedKeysOptimized(NioEventLoop.java:658)
	at io.netty.channel.nio.NioEventLoop.processSelectedKeys(NioEventLoop.java:584)
	at io.netty.channel.nio.NioEventLoop.run(NioEventLoop.java:496)
	at io.netty.util.concurrent.SingleThreadEventExecutor$4.run(SingleThreadEventExecutor.java:986)
	at io.netty.util.internal.ThreadExecutorMap$2.run(ThreadExecutorMap.java:74)
	at io.netty.util.concurrent.FastThreadLocalRunnable.run(FastThreadLocalRunnable.java:30)
	at java.lang.Thread.run(Thread.java:750)
2022-05-09 10:09:44,544 ERROR com.group7.accountsservice.serviceimpl.AccountServiceImpl [nioEventLoopGroup-3-7] Error creating new Account
com.group7.accountsservice.exception.account.AccountCreationException: Client already have a Saving account
	at com.group7.accountsservice.serviceimpl.AccountServiceImpl.lambda$save$10(AccountServiceImpl.java:82)
	at reactor.core.publisher.Mono.lambda$onErrorMap$31(Mono.java:3733)
	at reactor.core.publisher.FluxOnErrorResume$ResumeSubscriber.onError(FluxOnErrorResume.java:94)
	at reactor.core.publisher.FluxMapFuseable$MapFuseableSubscriber.onError(FluxMapFuseable.java:140)
	at reactor.core.publisher.MonoFlatMap$FlatMapMain.onError(MonoFlatMap.java:172)
	at reactor.core.publisher.FluxMapFuseable$MapFuseableSubscriber.onError(FluxMapFuseable.java:140)
	at reactor.core.publisher.MonoFlatMap$FlatMapMain.secondError(MonoFlatMap.java:192)
	at reactor.core.publisher.MonoFlatMap$FlatMapInner.onError(MonoFlatMap.java:259)
	at reactor.core.publisher.MonoFlatMap$FlatMapMain.onNext(MonoFlatMap.java:142)
	at reactor.core.publisher.Operators$MonoSubscriber.complete(Operators.java:1816)
	at reactor.core.publisher.MonoHasElements$HasElementsSubscriber.onNext(MonoHasElements.java:82)
	at reactor.core.publisher.FluxUsingWhen$UsingWhenSubscriber.onNext(FluxUsingWhen.java:345)
	at reactor.core.publisher.FluxOnErrorResume$ResumeSubscriber.onNext(FluxOnErrorResume.java:79)
	at reactor.core.publisher.MonoFlatMapMany$FlatMapManyInner.onNext(MonoFlatMapMany.java:250)
	at reactor.core.publisher.FluxConcatMap$ConcatMapImmediate.drain(FluxConcatMap.java:431)
	at reactor.core.publisher.FluxConcatMap$ConcatMapImmediate.onNext(FluxConcatMap.java:251)
	at reactor.core.publisher.FluxCreate$BufferAsyncSink.drain(FluxCreate.java:814)
	at reactor.core.publisher.FluxCreate$BufferAsyncSink.next(FluxCreate.java:739)
	at reactor.core.publisher.FluxCreate$SerializedFluxSink.next(FluxCreate.java:161)
	at java.util.ArrayList.forEach(ArrayList.java:1259)
	at com.mongodb.reactivestreams.client.internal.BatchCursorFlux.lambda$recurseCursor$4(BatchCursorFlux.java:94)
	at reactor.core.publisher.MonoPeekTerminal$MonoTerminalPeekSubscriber.onNext(MonoPeekTerminal.java:171)
	at reactor.core.publisher.MonoPeekTerminal$MonoTerminalPeekSubscriber.onNext(MonoPeekTerminal.java:180)
	at reactor.core.publisher.FluxPeekFuseable$PeekConditionalSubscriber.onNext(FluxPeekFuseable.java:854)
	at reactor.core.publisher.MonoCreate$DefaultMonoSink.success(MonoCreate.java:172)
	at com.mongodb.reactivestreams.client.internal.MongoOperationPublisher.lambda$sinkToCallback$30(MongoOperationPublisher.java:549)
	at com.mongodb.internal.operation.AsyncQueryBatchCursor.next(AsyncQueryBatchCursor.java:167)
	at com.mongodb.reactivestreams.client.internal.BatchCursor.lambda$next$0(BatchCursor.java:35)
	at reactor.core.publisher.MonoCreate.subscribe(MonoCreate.java:58)
	at reactor.core.publisher.Mono.subscribe(Mono.java:4400)
	at reactor.core.publisher.Mono.subscribeWith(Mono.java:4515)
	at reactor.core.publisher.Mono.subscribe(Mono.java:4232)
	at com.mongodb.reactivestreams.client.internal.BatchCursorFlux.recurseCursor(BatchCursorFlux.java:104)
	at com.mongodb.reactivestreams.client.internal.BatchCursorFlux.lambda$subscribe$0(BatchCursorFlux.java:56)
	at reactor.core.publisher.LambdaMonoSubscriber.onNext(LambdaMonoSubscriber.java:171)
	at reactor.core.publisher.FluxMap$MapSubscriber.onNext(FluxMap.java:120)
	at reactor.core.publisher.MonoNext$NextSubscriber.onNext(MonoNext.java:82)
	at reactor.core.publisher.MonoNext$NextSubscriber.onNext(MonoNext.java:82)
	at reactor.core.publisher.Operators$MonoSubscriber.complete(Operators.java:1816)
	at reactor.core.publisher.MonoFlatMap$FlatMapInner.onNext(MonoFlatMap.java:249)
	at reactor.core.publisher.MonoPeekTerminal$MonoTerminalPeekSubscriber.onNext(MonoPeekTerminal.java:180)
	at reactor.core.publisher.MonoCreate$DefaultMonoSink.success(MonoCreate.java:172)
	at com.mongodb.reactivestreams.client.internal.MongoOperationPublisher.lambda$sinkToCallback$30(MongoOperationPublisher.java:549)
	at com.mongodb.reactivestreams.client.internal.OperationExecutorImpl.lambda$execute$2(OperationExecutorImpl.java:92)
	at com.mongodb.internal.async.ErrorHandlingResultCallback.onResult(ErrorHandlingResultCallback.java:48)
	at com.mongodb.internal.async.function.AsyncCallbackSupplier.lambda$whenComplete$1(AsyncCallbackSupplier.java:95)
	at com.mongodb.internal.async.function.RetryingAsyncCallbackSupplier$RetryingCallback.onResult(RetryingAsyncCallbackSupplier.java:114)
	at com.mongodb.internal.async.ErrorHandlingResultCallback.onResult(ErrorHandlingResultCallback.java:48)
	at com.mongodb.internal.async.function.AsyncCallbackSupplier.lambda$whenComplete$1(AsyncCallbackSupplier.java:95)
	at com.mongodb.internal.async.ErrorHandlingResultCallback.onResult(ErrorHandlingResultCallback.java:48)
	at com.mongodb.internal.async.function.AsyncCallbackSupplier.lambda$whenComplete$1(AsyncCallbackSupplier.java:95)
	at com.mongodb.internal.operation.FindOperation$2.onResult(FindOperation.java:762)
	at com.mongodb.internal.operation.CommandOperationHelper.lambda$transformingReadCallback$10(CommandOperationHelper.java:329)
	at com.mongodb.internal.async.ErrorHandlingResultCallback.onResult(ErrorHandlingResultCallback.java:48)
	at com.mongodb.internal.connection.DefaultServer$DefaultServerProtocolExecutor$2.onResult(DefaultServer.java:280)
	at com.mongodb.internal.async.ErrorHandlingResultCallback.onResult(ErrorHandlingResultCallback.java:48)
	at com.mongodb.internal.connection.CommandProtocolImpl$1.onResult(CommandProtocolImpl.java:84)
	at com.mongodb.internal.connection.DefaultConnectionPool$PooledConnection$1.onResult(DefaultConnectionPool.java:687)
	at com.mongodb.internal.connection.UsageTrackingInternalConnection$2.onResult(UsageTrackingInternalConnection.java:159)
	at com.mongodb.internal.async.ErrorHandlingResultCallback.onResult(ErrorHandlingResultCallback.java:48)
	at com.mongodb.internal.connection.InternalStreamConnection$2$1.onResult(InternalStreamConnection.java:526)
	at com.mongodb.internal.connection.InternalStreamConnection$2$1.onResult(InternalStreamConnection.java:503)
	at com.mongodb.internal.connection.InternalStreamConnection$MessageHeaderCallback$MessageCallback.onResult(InternalStreamConnection.java:815)
	at com.mongodb.internal.connection.InternalStreamConnection$MessageHeaderCallback$MessageCallback.onResult(InternalStreamConnection.java:782)
	at com.mongodb.internal.connection.InternalStreamConnection$5.completed(InternalStreamConnection.java:650)
	at com.mongodb.internal.connection.InternalStreamConnection$5.completed(InternalStreamConnection.java:647)
	at com.mongodb.connection.netty.NettyStream.readAsync(NettyStream.java:319)
	at com.mongodb.connection.netty.NettyStream.readAsync(NettyStream.java:266)
	at com.mongodb.internal.connection.InternalStreamConnection.readAsync(InternalStreamConnection.java:647)
	at com.mongodb.internal.connection.InternalStreamConnection.access$600(InternalStreamConnection.java:86)
	at com.mongodb.internal.connection.InternalStreamConnection$MessageHeaderCallback.onResult(InternalStreamConnection.java:772)
	at com.mongodb.internal.connection.InternalStreamConnection$MessageHeaderCallback.onResult(InternalStreamConnection.java:757)
	at com.mongodb.internal.connection.InternalStreamConnection$5.completed(InternalStreamConnection.java:650)
	at com.mongodb.internal.connection.InternalStreamConnection$5.completed(InternalStreamConnection.java:647)
	at com.mongodb.connection.netty.NettyStream.readAsync(NettyStream.java:319)
	at com.mongodb.connection.netty.NettyStream.handleReadResponse(NettyStream.java:347)
	at com.mongodb.connection.netty.NettyStream.access$1100(NettyStream.java:105)
	at com.mongodb.connection.netty.NettyStream$InboundBufferHandler.channelRead0(NettyStream.java:421)
	at com.mongodb.connection.netty.NettyStream$InboundBufferHandler.channelRead0(NettyStream.java:418)
	at io.netty.channel.SimpleChannelInboundHandler.channelRead(SimpleChannelInboundHandler.java:99)
	at io.netty.channel.AbstractChannelHandlerContext.invokeChannelRead(AbstractChannelHandlerContext.java:379)
	at io.netty.channel.AbstractChannelHandlerContext.invokeChannelRead(AbstractChannelHandlerContext.java:365)
	at io.netty.channel.AbstractChannelHandlerContext.fireChannelRead(AbstractChannelHandlerContext.java:357)
	at io.netty.handler.ssl.SslHandler.unwrap(SslHandler.java:1372)
	at io.netty.handler.ssl.SslHandler.decodeJdkCompatible(SslHandler.java:1235)
	at io.netty.handler.ssl.SslHandler.decode(SslHandler.java:1284)
	at io.netty.handler.codec.ByteToMessageDecoder.decodeRemovalReentryProtection(ByteToMessageDecoder.java:510)
	at io.netty.handler.codec.ByteToMessageDecoder.callDecode(ByteToMessageDecoder.java:449)
	at io.netty.handler.codec.ByteToMessageDecoder.channelRead(ByteToMessageDecoder.java:279)
	at io.netty.channel.AbstractChannelHandlerContext.invokeChannelRead(AbstractChannelHandlerContext.java:379)
	at io.netty.channel.AbstractChannelHandlerContext.invokeChannelRead(AbstractChannelHandlerContext.java:365)
	at io.netty.channel.AbstractChannelHandlerContext.fireChannelRead(AbstractChannelHandlerContext.java:357)
	at io.netty.channel.DefaultChannelPipeline$HeadContext.channelRead(DefaultChannelPipeline.java:1410)
	at io.netty.channel.AbstractChannelHandlerContext.invokeChannelRead(AbstractChannelHandlerContext.java:379)
	at io.netty.channel.AbstractChannelHandlerContext.invokeChannelRead(AbstractChannelHandlerContext.java:365)
	at io.netty.channel.DefaultChannelPipeline.fireChannelRead(DefaultChannelPipeline.java:919)
	at io.netty.channel.nio.AbstractNioByteChannel$NioByteUnsafe.read(AbstractNioByteChannel.java:166)
	at io.netty.channel.nio.NioEventLoop.processSelectedKey(NioEventLoop.java:722)
	at io.netty.channel.nio.NioEventLoop.processSelectedKeysOptimized(NioEventLoop.java:658)
	at io.netty.channel.nio.NioEventLoop.processSelectedKeys(NioEventLoop.java:584)
	at io.netty.channel.nio.NioEventLoop.run(NioEventLoop.java:496)
	at io.netty.util.concurrent.SingleThreadEventExecutor$4.run(SingleThreadEventExecutor.java:986)
	at io.netty.util.internal.ThreadExecutorMap$2.run(ThreadExecutorMap.java:74)
	at io.netty.util.concurrent.FastThreadLocalRunnable.run(FastThreadLocalRunnable.java:30)
	at java.lang.Thread.run(Thread.java:750)
2022-05-09 10:09:53,830 INFO com.group7.accountsservice.serviceimpl.AccountServiceImpl [nioEventLoopGroup-3-7] Created new account with ID: 62792ec127af1f199ea72c6f
2022-05-09 10:10:03,647 INFO com.group7.accountsservice.serviceimpl.AccountServiceImpl [nioEventLoopGroup-3-7] Created new account with ID: 62792ecb27af1f199ea72c70
2022-05-09 10:10:45,890 INFO org.springframework.boot.StartupInfoLogger [restartedMain] Starting AccountsServiceApplication using Java 1.8.0_333 on LIM-99WZ9C3 with PID 12860 (C:\Users\rgaraymi\IdeaProjects\AccountsService\target\classes started by rgaraymi in C:\Users\rgaraymi\IdeaProjects\AccountsService)
2022-05-09 10:10:45,893 INFO org.springframework.boot.SpringApplication [restartedMain] No active profile set, falling back to 1 default profile: "default"
2022-05-09 10:10:50,992 INFO org.springframework.boot.StartupInfoLogger [restartedMain] Started AccountsServiceApplication in 6.621 seconds (JVM running for 8.342)
2022-05-09 10:11:01,200 INFO com.group7.accountsservice.serviceimpl.AccountServiceImpl [nioEventLoopGroup-3-7] Created new account with ID: 62792f0543743d6982add7ee
2022-05-09 10:11:18,611 INFO com.group7.accountsservice.serviceimpl.AccountServiceImpl [nioEventLoopGroup-3-7] Created new account with ID: 62792f1643743d6982add7ef
2022-05-09 10:11:27,823 ERROR com.group7.accountsservice.serviceimpl.AccountServiceImpl [nioEventLoopGroup-3-7] Error creating new Account
com.group7.accountsservice.exception.account.AccountCreationException: The type of account must have a value from: 'Saving','Current' or 'Fixed Deposit'
	at com.group7.accountsservice.serviceimpl.AccountServiceImpl.lambda$save$10(AccountServiceImpl.java:82)
	at reactor.core.publisher.Mono.lambda$onErrorMap$31(Mono.java:3733)
	at reactor.core.publisher.FluxOnErrorResume$ResumeSubscriber.onError(FluxOnErrorResume.java:94)
	at reactor.core.publisher.FluxMapFuseable$MapFuseableSubscriber.onError(FluxMapFuseable.java:140)
	at reactor.core.publisher.MonoFlatMap$FlatMapMain.onError(MonoFlatMap.java:172)
	at reactor.core.publisher.FluxMapFuseable$MapFuseableSubscriber.onError(FluxMapFuseable.java:140)
	at reactor.core.publisher.FluxMapFuseable$MapFuseableSubscriber.onNext(FluxMapFuseable.java:119)
	at reactor.core.publisher.Operators$MonoSubscriber.complete(Operators.java:1816)
	at reactor.core.publisher.MonoFlatMap$FlatMapInner.onNext(MonoFlatMap.java:249)
	at reactor.core.publisher.Operators$MonoSubscriber.complete(Operators.java:1816)
	at reactor.core.publisher.MonoFlatMap$FlatMapMain.onNext(MonoFlatMap.java:151)
	at reactor.core.publisher.Operators$MonoSubscriber.complete(Operators.java:1816)
	at reactor.core.publisher.MonoHasElements$HasElementsSubscriber.onComplete(MonoHasElements.java:87)
	at reactor.core.publisher.FluxUsingWhen$UsingWhenSubscriber.deferredComplete(FluxUsingWhen.java:392)
	at reactor.core.publisher.FluxUsingWhen$CommitInner.onComplete(FluxUsingWhen.java:527)
	at reactor.core.publisher.Operators.complete(Operators.java:137)
	at reactor.core.publisher.MonoEmpty.subscribe(MonoEmpty.java:46)
	at reactor.core.publisher.Mono.subscribe(Mono.java:4400)
	at reactor.core.publisher.FluxUsingWhen$UsingWhenSubscriber.onComplete(FluxUsingWhen.java:384)
	at reactor.core.publisher.Operators$MultiSubscriptionSubscriber.onComplete(Operators.java:2058)
	at reactor.core.publisher.MonoFlatMapMany$FlatMapManyInner.onComplete(MonoFlatMapMany.java:260)
	at reactor.core.publisher.FluxConcatMap$ConcatMapImmediate.drain(FluxConcatMap.java:368)
	at reactor.core.publisher.FluxConcatMap$ConcatMapImmediate.onComplete(FluxConcatMap.java:276)
	at reactor.core.publisher.FluxCreate$BaseSink.complete(FluxCreate.java:460)
	at reactor.core.publisher.FluxCreate$BufferAsyncSink.drain(FluxCreate.java:805)
	at reactor.core.publisher.FluxCreate$BufferAsyncSink.complete(FluxCreate.java:753)
	at reactor.core.publisher.FluxCreate$SerializedFluxSink.drainLoop(FluxCreate.java:247)
	at reactor.core.publisher.FluxCreate$SerializedFluxSink.drain(FluxCreate.java:213)
	at reactor.core.publisher.FluxCreate$SerializedFluxSink.complete(FluxCreate.java:204)
	at com.mongodb.reactivestreams.client.internal.BatchCursorFlux.lambda$recurseCursor$4(BatchCursorFlux.java:98)
	at reactor.core.publisher.MonoPeekTerminal$MonoTerminalPeekSubscriber.onComplete(MonoPeekTerminal.java:289)
	at reactor.core.publisher.MonoPeekTerminal$MonoTerminalPeekSubscriber.onComplete(MonoPeekTerminal.java:299)
	at reactor.core.publisher.FluxPeekFuseable$PeekConditionalSubscriber.onComplete(FluxPeekFuseable.java:940)
	at reactor.core.publisher.MonoCreate$DefaultMonoSink.success(MonoCreate.java:140)
	at com.mongodb.reactivestreams.client.internal.MongoOperationPublisher.lambda$sinkToCallback$30(MongoOperationPublisher.java:547)
	at com.mongodb.internal.operation.AsyncQueryBatchCursor.next(AsyncQueryBatchCursor.java:172)
	at com.mongodb.reactivestreams.client.internal.BatchCursor.lambda$next$0(BatchCursor.java:35)
	at reactor.core.publisher.MonoCreate.subscribe(MonoCreate.java:58)
	at reactor.core.publisher.Mono.subscribe(Mono.java:4400)
	at reactor.core.publisher.Mono.subscribeWith(Mono.java:4515)
	at reactor.core.publisher.Mono.subscribe(Mono.java:4232)
	at com.mongodb.reactivestreams.client.internal.BatchCursorFlux.recurseCursor(BatchCursorFlux.java:104)
	at com.mongodb.reactivestreams.client.internal.BatchCursorFlux.lambda$subscribe$0(BatchCursorFlux.java:56)
	at reactor.core.publisher.LambdaMonoSubscriber.onNext(LambdaMonoSubscriber.java:171)
	at reactor.core.publisher.FluxMap$MapSubscriber.onNext(FluxMap.java:120)
	at reactor.core.publisher.MonoNext$NextSubscriber.onNext(MonoNext.java:82)
	at reactor.core.publisher.MonoNext$NextSubscriber.onNext(MonoNext.java:82)
	at reactor.core.publisher.Operators$MonoSubscriber.complete(Operators.java:1816)
	at reactor.core.publisher.MonoFlatMap$FlatMapInner.onNext(MonoFlatMap.java:249)
	at reactor.core.publisher.MonoPeekTerminal$MonoTerminalPeekSubscriber.onNext(MonoPeekTerminal.java:180)
	at reactor.core.publisher.MonoCreate$DefaultMonoSink.success(MonoCreate.java:172)
	at com.mongodb.reactivestreams.client.internal.MongoOperationPublisher.lambda$sinkToCallback$30(MongoOperationPublisher.java:549)
	at com.mongodb.reactivestreams.client.internal.OperationExecutorImpl.lambda$execute$2(OperationExecutorImpl.java:92)
	at com.mongodb.internal.async.ErrorHandlingResultCallback.onResult(ErrorHandlingResultCallback.java:48)
	at com.mongodb.internal.async.function.AsyncCallbackSupplier.lambda$whenComplete$1(AsyncCallbackSupplier.java:95)
	at com.mongodb.internal.async.function.RetryingAsyncCallbackSupplier$RetryingCallback.onResult(RetryingAsyncCallbackSupplier.java:114)
	at com.mongodb.internal.async.ErrorHandlingResultCallback.onResult(ErrorHandlingResultCallback.java:48)
	at com.mongodb.internal.async.function.AsyncCallbackSupplier.lambda$whenComplete$1(AsyncCallbackSupplier.java:95)
	at com.mongodb.internal.async.ErrorHandlingResultCallback.onResult(ErrorHandlingResultCallback.java:48)
	at com.mongodb.internal.async.function.AsyncCallbackSupplier.lambda$whenComplete$1(AsyncCallbackSupplier.java:95)
	at com.mongodb.internal.operation.FindOperation$2.onResult(FindOperation.java:762)
	at com.mongodb.internal.operation.CommandOperationHelper.lambda$transformingReadCallback$10(CommandOperationHelper.java:329)
	at com.mongodb.internal.async.ErrorHandlingResultCallback.onResult(ErrorHandlingResultCallback.java:48)
	at com.mongodb.internal.connection.DefaultServer$DefaultServerProtocolExecutor$2.onResult(DefaultServer.java:280)
	at com.mongodb.internal.async.ErrorHandlingResultCallback.onResult(ErrorHandlingResultCallback.java:48)
	at com.mongodb.internal.connection.CommandProtocolImpl$1.onResult(CommandProtocolImpl.java:84)
	at com.mongodb.internal.connection.DefaultConnectionPool$PooledConnection$1.onResult(DefaultConnectionPool.java:687)
	at com.mongodb.internal.connection.UsageTrackingInternalConnection$2.onResult(UsageTrackingInternalConnection.java:159)
	at com.mongodb.internal.async.ErrorHandlingResultCallback.onResult(ErrorHandlingResultCallback.java:48)
	at com.mongodb.internal.connection.InternalStreamConnection$2$1.onResult(InternalStreamConnection.java:526)
	at com.mongodb.internal.connection.InternalStreamConnection$2$1.onResult(InternalStreamConnection.java:503)
	at com.mongodb.internal.connection.InternalStreamConnection$MessageHeaderCallback$MessageCallback.onResult(InternalStreamConnection.java:815)
	at com.mongodb.internal.connection.InternalStreamConnection$MessageHeaderCallback$MessageCallback.onResult(InternalStreamConnection.java:782)
	at com.mongodb.internal.connection.InternalStreamConnection$5.completed(InternalStreamConnection.java:650)
	at com.mongodb.internal.connection.InternalStreamConnection$5.completed(InternalStreamConnection.java:647)
	at com.mongodb.connection.netty.NettyStream.readAsync(NettyStream.java:319)
	at com.mongodb.connection.netty.NettyStream.readAsync(NettyStream.java:266)
	at com.mongodb.internal.connection.InternalStreamConnection.readAsync(InternalStreamConnection.java:647)
	at com.mongodb.internal.connection.InternalStreamConnection.access$600(InternalStreamConnection.java:86)
	at com.mongodb.internal.connection.InternalStreamConnection$MessageHeaderCallback.onResult(InternalStreamConnection.java:772)
	at com.mongodb.internal.connection.InternalStreamConnection$MessageHeaderCallback.onResult(InternalStreamConnection.java:757)
	at com.mongodb.internal.connection.InternalStreamConnection$5.completed(InternalStreamConnection.java:650)
	at com.mongodb.internal.connection.InternalStreamConnection$5.completed(InternalStreamConnection.java:647)
	at com.mongodb.connection.netty.NettyStream.readAsync(NettyStream.java:319)
	at com.mongodb.connection.netty.NettyStream.handleReadResponse(NettyStream.java:347)
	at com.mongodb.connection.netty.NettyStream.access$1100(NettyStream.java:105)
	at com.mongodb.connection.netty.NettyStream$InboundBufferHandler.channelRead0(NettyStream.java:421)
	at com.mongodb.connection.netty.NettyStream$InboundBufferHandler.channelRead0(NettyStream.java:418)
	at io.netty.channel.SimpleChannelInboundHandler.channelRead(SimpleChannelInboundHandler.java:99)
	at io.netty.channel.AbstractChannelHandlerContext.invokeChannelRead(AbstractChannelHandlerContext.java:379)
	at io.netty.channel.AbstractChannelHandlerContext.invokeChannelRead(AbstractChannelHandlerContext.java:365)
	at io.netty.channel.AbstractChannelHandlerContext.fireChannelRead(AbstractChannelHandlerContext.java:357)
	at io.netty.handler.ssl.SslHandler.unwrap(SslHandler.java:1372)
	at io.netty.handler.ssl.SslHandler.decodeJdkCompatible(SslHandler.java:1235)
	at io.netty.handler.ssl.SslHandler.decode(SslHandler.java:1284)
	at io.netty.handler.codec.ByteToMessageDecoder.decodeRemovalReentryProtection(ByteToMessageDecoder.java:510)
	at io.netty.handler.codec.ByteToMessageDecoder.callDecode(ByteToMessageDecoder.java:449)
	at io.netty.handler.codec.ByteToMessageDecoder.channelRead(ByteToMessageDecoder.java:279)
	at io.netty.channel.AbstractChannelHandlerContext.invokeChannelRead(AbstractChannelHandlerContext.java:379)
	at io.netty.channel.AbstractChannelHandlerContext.invokeChannelRead(AbstractChannelHandlerContext.java:365)
	at io.netty.channel.AbstractChannelHandlerContext.fireChannelRead(AbstractChannelHandlerContext.java:357)
	at io.netty.channel.DefaultChannelPipeline$HeadContext.channelRead(DefaultChannelPipeline.java:1410)
	at io.netty.channel.AbstractChannelHandlerContext.invokeChannelRead(AbstractChannelHandlerContext.java:379)
	at io.netty.channel.AbstractChannelHandlerContext.invokeChannelRead(AbstractChannelHandlerContext.java:365)
	at io.netty.channel.DefaultChannelPipeline.fireChannelRead(DefaultChannelPipeline.java:919)
	at io.netty.channel.nio.AbstractNioByteChannel$NioByteUnsafe.read(AbstractNioByteChannel.java:166)
	at io.netty.channel.nio.NioEventLoop.processSelectedKey(NioEventLoop.java:722)
	at io.netty.channel.nio.NioEventLoop.processSelectedKeysOptimized(NioEventLoop.java:658)
	at io.netty.channel.nio.NioEventLoop.processSelectedKeys(NioEventLoop.java:584)
	at io.netty.channel.nio.NioEventLoop.run(NioEventLoop.java:496)
	at io.netty.util.concurrent.SingleThreadEventExecutor$4.run(SingleThreadEventExecutor.java:986)
	at io.netty.util.internal.ThreadExecutorMap$2.run(ThreadExecutorMap.java:74)
	at io.netty.util.concurrent.FastThreadLocalRunnable.run(FastThreadLocalRunnable.java:30)
	at java.lang.Thread.run(Thread.java:750)
2022-05-09 10:11:31,491 INFO com.group7.accountsservice.serviceimpl.AccountServiceImpl [nioEventLoopGroup-3-7] Created new account with ID: 62792f2343743d6982add7f0
2022-05-09 10:11:38,199 INFO com.group7.accountsservice.serviceimpl.AccountServiceImpl [nioEventLoopGroup-3-7] Created new account with ID: 62792f2a43743d6982add7f1
2022-05-09 10:15:12,445 INFO org.springframework.boot.StartupInfoLogger [restartedMain] Starting AccountsServiceApplication using Java 1.8.0_333 on LIM-99WZ9C3 with PID 16828 (C:\Users\rgaraymi\IdeaProjects\AccountsService\target\classes started by rgaraymi in C:\Users\rgaraymi\IdeaProjects\AccountsService)
2022-05-09 10:15:12,449 INFO org.springframework.boot.SpringApplication [restartedMain] No active profile set, falling back to 1 default profile: "default"
2022-05-09 10:15:16,724 INFO org.springframework.boot.StartupInfoLogger [restartedMain] Started AccountsServiceApplication in 5.548 seconds (JVM running for 6.892)
2022-05-09 10:52:12,096 INFO org.springframework.boot.StartupInfoLogger [restartedMain] Starting AccountsServiceApplication using Java 1.8.0_333 on LIM-99WZ9C3 with PID 7220 (C:\Users\rgaraymi\IdeaProjects\AccountsService\target\classes started by rgaraymi in C:\Users\rgaraymi\IdeaProjects\AccountsService)
2022-05-09 10:52:12,098 INFO org.springframework.boot.SpringApplication [restartedMain] No active profile set, falling back to 1 default profile: "default"
2022-05-09 10:52:16,756 INFO org.springframework.boot.StartupInfoLogger [restartedMain] Started AccountsServiceApplication in 6.806 seconds (JVM running for 8.233)
2022-05-09 11:25:39,647 INFO org.springframework.boot.StartupInfoLogger [restartedMain] Starting AccountsServiceApplication using Java 1.8.0_333 on LIM-99WZ9C3 with PID 17284 (C:\Users\rgaraymi\IdeaProjects\AccountsService\target\classes started by rgaraymi in C:\Users\rgaraymi\IdeaProjects\AccountsService)
2022-05-09 11:25:39,649 INFO org.springframework.boot.SpringApplication [restartedMain] No active profile set, falling back to 1 default profile: "default"
2022-05-09 11:25:43,457 INFO org.springframework.boot.StartupInfoLogger [restartedMain] Started AccountsServiceApplication in 4.858 seconds (JVM running for 6.123)
2022-05-09 11:27:24,332 INFO com.group7.accountsservice.serviceimpl.AccountServiceImpl [nioEventLoopGroup-3-7] Created new account with ID: 627940eca42af92963125443
2022-05-09 11:27:33,816 ERROR com.group7.accountsservice.serviceimpl.AccountServiceImpl [nioEventLoopGroup-3-7] Error creating new Account
com.group7.accountsservice.exception.account.AccountCreationException: Client already have a Saving account
	at com.group7.accountsservice.serviceimpl.AccountServiceImpl.lambda$save$10(AccountServiceImpl.java:82)
	at reactor.core.publisher.Mono.lambda$onErrorMap$31(Mono.java:3733)
	at reactor.core.publisher.FluxOnErrorResume$ResumeSubscriber.onError(FluxOnErrorResume.java:94)
	at reactor.core.publisher.FluxMapFuseable$MapFuseableSubscriber.onError(FluxMapFuseable.java:140)
	at reactor.core.publisher.MonoFlatMap$FlatMapMain.onError(MonoFlatMap.java:172)
	at reactor.core.publisher.FluxMapFuseable$MapFuseableSubscriber.onError(FluxMapFuseable.java:140)
	at reactor.core.publisher.MonoFlatMap$FlatMapMain.secondError(MonoFlatMap.java:192)
	at reactor.core.publisher.MonoFlatMap$FlatMapInner.onError(MonoFlatMap.java:259)
	at reactor.core.publisher.MonoFlatMap$FlatMapMain.onNext(MonoFlatMap.java:142)
	at reactor.core.publisher.Operators$MonoSubscriber.complete(Operators.java:1816)
	at reactor.core.publisher.MonoHasElements$HasElementsSubscriber.onNext(MonoHasElements.java:82)
	at reactor.core.publisher.FluxUsingWhen$UsingWhenSubscriber.onNext(FluxUsingWhen.java:345)
	at reactor.core.publisher.FluxOnErrorResume$ResumeSubscriber.onNext(FluxOnErrorResume.java:79)
	at reactor.core.publisher.MonoFlatMapMany$FlatMapManyInner.onNext(MonoFlatMapMany.java:250)
	at reactor.core.publisher.FluxConcatMap$ConcatMapImmediate.drain(FluxConcatMap.java:431)
	at reactor.core.publisher.FluxConcatMap$ConcatMapImmediate.onNext(FluxConcatMap.java:251)
	at reactor.core.publisher.FluxCreate$BufferAsyncSink.drain(FluxCreate.java:814)
	at reactor.core.publisher.FluxCreate$BufferAsyncSink.next(FluxCreate.java:739)
	at reactor.core.publisher.FluxCreate$SerializedFluxSink.next(FluxCreate.java:161)
	at java.util.ArrayList.forEach(ArrayList.java:1259)
	at com.mongodb.reactivestreams.client.internal.BatchCursorFlux.lambda$recurseCursor$4(BatchCursorFlux.java:94)
	at reactor.core.publisher.MonoPeekTerminal$MonoTerminalPeekSubscriber.onNext(MonoPeekTerminal.java:171)
	at reactor.core.publisher.MonoPeekTerminal$MonoTerminalPeekSubscriber.onNext(MonoPeekTerminal.java:180)
	at reactor.core.publisher.FluxPeekFuseable$PeekConditionalSubscriber.onNext(FluxPeekFuseable.java:854)
	at reactor.core.publisher.MonoCreate$DefaultMonoSink.success(MonoCreate.java:172)
	at com.mongodb.reactivestreams.client.internal.MongoOperationPublisher.lambda$sinkToCallback$30(MongoOperationPublisher.java:549)
	at com.mongodb.internal.operation.AsyncQueryBatchCursor.next(AsyncQueryBatchCursor.java:167)
	at com.mongodb.reactivestreams.client.internal.BatchCursor.lambda$next$0(BatchCursor.java:35)
	at reactor.core.publisher.MonoCreate.subscribe(MonoCreate.java:58)
	at reactor.core.publisher.Mono.subscribe(Mono.java:4400)
	at reactor.core.publisher.Mono.subscribeWith(Mono.java:4515)
	at reactor.core.publisher.Mono.subscribe(Mono.java:4232)
	at com.mongodb.reactivestreams.client.internal.BatchCursorFlux.recurseCursor(BatchCursorFlux.java:104)
	at com.mongodb.reactivestreams.client.internal.BatchCursorFlux.lambda$subscribe$0(BatchCursorFlux.java:56)
	at reactor.core.publisher.LambdaMonoSubscriber.onNext(LambdaMonoSubscriber.java:171)
	at reactor.core.publisher.FluxMap$MapSubscriber.onNext(FluxMap.java:120)
	at reactor.core.publisher.MonoNext$NextSubscriber.onNext(MonoNext.java:82)
	at reactor.core.publisher.MonoNext$NextSubscriber.onNext(MonoNext.java:82)
	at reactor.core.publisher.Operators$MonoSubscriber.complete(Operators.java:1816)
	at reactor.core.publisher.MonoFlatMap$FlatMapInner.onNext(MonoFlatMap.java:249)
	at reactor.core.publisher.MonoPeekTerminal$MonoTerminalPeekSubscriber.onNext(MonoPeekTerminal.java:180)
	at reactor.core.publisher.MonoCreate$DefaultMonoSink.success(MonoCreate.java:172)
	at com.mongodb.reactivestreams.client.internal.MongoOperationPublisher.lambda$sinkToCallback$30(MongoOperationPublisher.java:549)
	at com.mongodb.reactivestreams.client.internal.OperationExecutorImpl.lambda$execute$2(OperationExecutorImpl.java:92)
	at com.mongodb.internal.async.ErrorHandlingResultCallback.onResult(ErrorHandlingResultCallback.java:48)
	at com.mongodb.internal.async.function.AsyncCallbackSupplier.lambda$whenComplete$1(AsyncCallbackSupplier.java:95)
	at com.mongodb.internal.async.function.RetryingAsyncCallbackSupplier$RetryingCallback.onResult(RetryingAsyncCallbackSupplier.java:114)
	at com.mongodb.internal.async.ErrorHandlingResultCallback.onResult(ErrorHandlingResultCallback.java:48)
	at com.mongodb.internal.async.function.AsyncCallbackSupplier.lambda$whenComplete$1(AsyncCallbackSupplier.java:95)
	at com.mongodb.internal.async.ErrorHandlingResultCallback.onResult(ErrorHandlingResultCallback.java:48)
	at com.mongodb.internal.async.function.AsyncCallbackSupplier.lambda$whenComplete$1(AsyncCallbackSupplier.java:95)
	at com.mongodb.internal.operation.FindOperation$2.onResult(FindOperation.java:762)
	at com.mongodb.internal.operation.CommandOperationHelper.lambda$transformingReadCallback$10(CommandOperationHelper.java:329)
	at com.mongodb.internal.async.ErrorHandlingResultCallback.onResult(ErrorHandlingResultCallback.java:48)
	at com.mongodb.internal.connection.DefaultServer$DefaultServerProtocolExecutor$2.onResult(DefaultServer.java:280)
	at com.mongodb.internal.async.ErrorHandlingResultCallback.onResult(ErrorHandlingResultCallback.java:48)
	at com.mongodb.internal.connection.CommandProtocolImpl$1.onResult(CommandProtocolImpl.java:84)
	at com.mongodb.internal.connection.DefaultConnectionPool$PooledConnection$1.onResult(DefaultConnectionPool.java:687)
	at com.mongodb.internal.connection.UsageTrackingInternalConnection$2.onResult(UsageTrackingInternalConnection.java:159)
	at com.mongodb.internal.async.ErrorHandlingResultCallback.onResult(ErrorHandlingResultCallback.java:48)
	at com.mongodb.internal.connection.InternalStreamConnection$2$1.onResult(InternalStreamConnection.java:526)
	at com.mongodb.internal.connection.InternalStreamConnection$2$1.onResult(InternalStreamConnection.java:503)
	at com.mongodb.internal.connection.InternalStreamConnection$MessageHeaderCallback$MessageCallback.onResult(InternalStreamConnection.java:815)
	at com.mongodb.internal.connection.InternalStreamConnection$MessageHeaderCallback$MessageCallback.onResult(InternalStreamConnection.java:782)
	at com.mongodb.internal.connection.InternalStreamConnection$5.completed(InternalStreamConnection.java:650)
	at com.mongodb.internal.connection.InternalStreamConnection$5.completed(InternalStreamConnection.java:647)
	at com.mongodb.connection.netty.NettyStream.readAsync(NettyStream.java:319)
	at com.mongodb.connection.netty.NettyStream.readAsync(NettyStream.java:266)
	at com.mongodb.internal.connection.InternalStreamConnection.readAsync(InternalStreamConnection.java:647)
	at com.mongodb.internal.connection.InternalStreamConnection.access$600(InternalStreamConnection.java:86)
	at com.mongodb.internal.connection.InternalStreamConnection$MessageHeaderCallback.onResult(InternalStreamConnection.java:772)
	at com.mongodb.internal.connection.InternalStreamConnection$MessageHeaderCallback.onResult(InternalStreamConnection.java:757)
	at com.mongodb.internal.connection.InternalStreamConnection$5.completed(InternalStreamConnection.java:650)
	at com.mongodb.internal.connection.InternalStreamConnection$5.completed(InternalStreamConnection.java:647)
	at com.mongodb.connection.netty.NettyStream.readAsync(NettyStream.java:319)
	at com.mongodb.connection.netty.NettyStream.handleReadResponse(NettyStream.java:347)
	at com.mongodb.connection.netty.NettyStream.access$1100(NettyStream.java:105)
	at com.mongodb.connection.netty.NettyStream$InboundBufferHandler.channelRead0(NettyStream.java:421)
	at com.mongodb.connection.netty.NettyStream$InboundBufferHandler.channelRead0(NettyStream.java:418)
	at io.netty.channel.SimpleChannelInboundHandler.channelRead(SimpleChannelInboundHandler.java:99)
	at io.netty.channel.AbstractChannelHandlerContext.invokeChannelRead(AbstractChannelHandlerContext.java:379)
	at io.netty.channel.AbstractChannelHandlerContext.invokeChannelRead(AbstractChannelHandlerContext.java:365)
	at io.netty.channel.AbstractChannelHandlerContext.fireChannelRead(AbstractChannelHandlerContext.java:357)
	at io.netty.handler.ssl.SslHandler.unwrap(SslHandler.java:1372)
	at io.netty.handler.ssl.SslHandler.decodeJdkCompatible(SslHandler.java:1235)
	at io.netty.handler.ssl.SslHandler.decode(SslHandler.java:1284)
	at io.netty.handler.codec.ByteToMessageDecoder.decodeRemovalReentryProtection(ByteToMessageDecoder.java:510)
	at io.netty.handler.codec.ByteToMessageDecoder.callDecode(ByteToMessageDecoder.java:449)
	at io.netty.handler.codec.ByteToMessageDecoder.channelRead(ByteToMessageDecoder.java:279)
	at io.netty.channel.AbstractChannelHandlerContext.invokeChannelRead(AbstractChannelHandlerContext.java:379)
	at io.netty.channel.AbstractChannelHandlerContext.invokeChannelRead(AbstractChannelHandlerContext.java:365)
	at io.netty.channel.AbstractChannelHandlerContext.fireChannelRead(AbstractChannelHandlerContext.java:357)
	at io.netty.channel.DefaultChannelPipeline$HeadContext.channelRead(DefaultChannelPipeline.java:1410)
	at io.netty.channel.AbstractChannelHandlerContext.invokeChannelRead(AbstractChannelHandlerContext.java:379)
	at io.netty.channel.AbstractChannelHandlerContext.invokeChannelRead(AbstractChannelHandlerContext.java:365)
	at io.netty.channel.DefaultChannelPipeline.fireChannelRead(DefaultChannelPipeline.java:919)
	at io.netty.channel.nio.AbstractNioByteChannel$NioByteUnsafe.read(AbstractNioByteChannel.java:166)
	at io.netty.channel.nio.NioEventLoop.processSelectedKey(NioEventLoop.java:722)
	at io.netty.channel.nio.NioEventLoop.processSelectedKeysOptimized(NioEventLoop.java:658)
	at io.netty.channel.nio.NioEventLoop.processSelectedKeys(NioEventLoop.java:584)
	at io.netty.channel.nio.NioEventLoop.run(NioEventLoop.java:496)
	at io.netty.util.concurrent.SingleThreadEventExecutor$4.run(SingleThreadEventExecutor.java:986)
	at io.netty.util.internal.ThreadExecutorMap$2.run(ThreadExecutorMap.java:74)
	at io.netty.util.concurrent.FastThreadLocalRunnable.run(FastThreadLocalRunnable.java:30)
	at java.lang.Thread.run(Thread.java:750)
2022-05-09 11:27:40,940 INFO com.group7.accountsservice.serviceimpl.AccountServiceImpl [nioEventLoopGroup-3-7] Created new account with ID: 627940fca42af92963125444
2022-05-09 11:45:24,977 INFO org.springframework.boot.StartupInfoLogger [restartedMain] Starting AccountsServiceApplication using Java 1.8.0_333 on LIM-99WZ9C3 with PID 10080 (C:\Users\rgaraymi\IdeaProjects\AccountsService\target\classes started by rgaraymi in C:\Users\rgaraymi\IdeaProjects\AccountsService)
2022-05-09 11:45:24,979 INFO org.springframework.boot.SpringApplication [restartedMain] No active profile set, falling back to 1 default profile: "default"
2022-05-09 11:45:28,687 INFO org.springframework.boot.StartupInfoLogger [restartedMain] Started AccountsServiceApplication in 4.82 seconds (JVM running for 5.872)
2022-05-09 11:46:21,147 INFO com.group7.accountsservice.serviceimpl.AccountServiceImpl [nioEventLoopGroup-3-7] Retrieving all Accounts
2022-05-09 11:46:34,331 INFO com.group7.accountsservice.serviceimpl.AccountServiceImpl [nioEventLoopGroup-3-7] Created new account with ID: 6279456a7b37e6217b58fa63
2022-05-09 11:46:37,252 INFO com.group7.accountsservice.serviceimpl.AccountServiceImpl [nioEventLoopGroup-3-7] Retrieving all Accounts
2022-05-09 18:10:01,898 INFO com.group7.accountsservice.serviceimpl.AccountServiceImpl [nioEventLoopGroup-3-9] Created new account with ID: 62799f497b37e6217b58fa64
2022-05-09 18:10:43,144 ERROR com.group7.accountsservice.serviceimpl.AccountServiceImpl [nioEventLoopGroup-3-9] Error creating new Account
com.group7.accountsservice.exception.account.AccountCreationException: Client already have a Saving account
	at com.group7.accountsservice.serviceimpl.AccountServiceImpl.lambda$save$11(AccountServiceImpl.java:89)
	at reactor.core.publisher.Mono.lambda$onErrorMap$31(Mono.java:3733)
	at reactor.core.publisher.FluxOnErrorResume$ResumeSubscriber.onError(FluxOnErrorResume.java:94)
	at reactor.core.publisher.FluxMapFuseable$MapFuseableSubscriber.onError(FluxMapFuseable.java:140)
	at reactor.core.publisher.MonoFlatMap$FlatMapMain.onError(MonoFlatMap.java:172)
	at reactor.core.publisher.FluxMapFuseable$MapFuseableSubscriber.onError(FluxMapFuseable.java:140)
	at reactor.core.publisher.MonoFlatMap$FlatMapMain.secondError(MonoFlatMap.java:192)
	at reactor.core.publisher.MonoFlatMap$FlatMapInner.onError(MonoFlatMap.java:259)
	at reactor.core.publisher.MonoFlatMap$FlatMapMain.onNext(MonoFlatMap.java:142)
	at reactor.core.publisher.Operators$MonoSubscriber.complete(Operators.java:1816)
	at reactor.core.publisher.MonoHasElements$HasElementsSubscriber.onNext(MonoHasElements.java:82)
	at reactor.core.publisher.FluxUsingWhen$UsingWhenSubscriber.onNext(FluxUsingWhen.java:345)
	at reactor.core.publisher.FluxOnErrorResume$ResumeSubscriber.onNext(FluxOnErrorResume.java:79)
	at reactor.core.publisher.MonoFlatMapMany$FlatMapManyInner.onNext(MonoFlatMapMany.java:250)
	at reactor.core.publisher.FluxConcatMap$ConcatMapImmediate.drain(FluxConcatMap.java:431)
	at reactor.core.publisher.FluxConcatMap$ConcatMapImmediate.onNext(FluxConcatMap.java:251)
	at reactor.core.publisher.FluxCreate$BufferAsyncSink.drain(FluxCreate.java:814)
	at reactor.core.publisher.FluxCreate$BufferAsyncSink.next(FluxCreate.java:739)
	at reactor.core.publisher.FluxCreate$SerializedFluxSink.next(FluxCreate.java:161)
	at java.util.ArrayList.forEach(ArrayList.java:1259)
	at com.mongodb.reactivestreams.client.internal.BatchCursorFlux.lambda$recurseCursor$4(BatchCursorFlux.java:94)
	at reactor.core.publisher.MonoPeekTerminal$MonoTerminalPeekSubscriber.onNext(MonoPeekTerminal.java:171)
	at reactor.core.publisher.MonoPeekTerminal$MonoTerminalPeekSubscriber.onNext(MonoPeekTerminal.java:180)
	at reactor.core.publisher.FluxPeekFuseable$PeekConditionalSubscriber.onNext(FluxPeekFuseable.java:854)
	at reactor.core.publisher.MonoCreate$DefaultMonoSink.success(MonoCreate.java:172)
	at com.mongodb.reactivestreams.client.internal.MongoOperationPublisher.lambda$sinkToCallback$30(MongoOperationPublisher.java:549)
	at com.mongodb.internal.operation.AsyncQueryBatchCursor.next(AsyncQueryBatchCursor.java:167)
	at com.mongodb.reactivestreams.client.internal.BatchCursor.lambda$next$0(BatchCursor.java:35)
	at reactor.core.publisher.MonoCreate.subscribe(MonoCreate.java:58)
	at reactor.core.publisher.Mono.subscribe(Mono.java:4400)
	at reactor.core.publisher.Mono.subscribeWith(Mono.java:4515)
	at reactor.core.publisher.Mono.subscribe(Mono.java:4232)
	at com.mongodb.reactivestreams.client.internal.BatchCursorFlux.recurseCursor(BatchCursorFlux.java:104)
	at com.mongodb.reactivestreams.client.internal.BatchCursorFlux.lambda$subscribe$0(BatchCursorFlux.java:56)
	at reactor.core.publisher.LambdaMonoSubscriber.onNext(LambdaMonoSubscriber.java:171)
	at reactor.core.publisher.FluxMap$MapSubscriber.onNext(FluxMap.java:120)
	at reactor.core.publisher.MonoNext$NextSubscriber.onNext(MonoNext.java:82)
	at reactor.core.publisher.MonoNext$NextSubscriber.onNext(MonoNext.java:82)
	at reactor.core.publisher.Operators$MonoSubscriber.complete(Operators.java:1816)
	at reactor.core.publisher.MonoFlatMap$FlatMapInner.onNext(MonoFlatMap.java:249)
	at reactor.core.publisher.MonoPeekTerminal$MonoTerminalPeekSubscriber.onNext(MonoPeekTerminal.java:180)
	at reactor.core.publisher.MonoCreate$DefaultMonoSink.success(MonoCreate.java:172)
	at com.mongodb.reactivestreams.client.internal.MongoOperationPublisher.lambda$sinkToCallback$30(MongoOperationPublisher.java:549)
	at com.mongodb.reactivestreams.client.internal.OperationExecutorImpl.lambda$execute$2(OperationExecutorImpl.java:92)
	at com.mongodb.internal.async.ErrorHandlingResultCallback.onResult(ErrorHandlingResultCallback.java:48)
	at com.mongodb.internal.async.function.AsyncCallbackSupplier.lambda$whenComplete$1(AsyncCallbackSupplier.java:95)
	at com.mongodb.internal.async.function.RetryingAsyncCallbackSupplier$RetryingCallback.onResult(RetryingAsyncCallbackSupplier.java:114)
	at com.mongodb.internal.async.ErrorHandlingResultCallback.onResult(ErrorHandlingResultCallback.java:48)
	at com.mongodb.internal.async.function.AsyncCallbackSupplier.lambda$whenComplete$1(AsyncCallbackSupplier.java:95)
	at com.mongodb.internal.async.ErrorHandlingResultCallback.onResult(ErrorHandlingResultCallback.java:48)
	at com.mongodb.internal.async.function.AsyncCallbackSupplier.lambda$whenComplete$1(AsyncCallbackSupplier.java:95)
	at com.mongodb.internal.operation.FindOperation$2.onResult(FindOperation.java:762)
	at com.mongodb.internal.operation.CommandOperationHelper.lambda$transformingReadCallback$10(CommandOperationHelper.java:329)
	at com.mongodb.internal.async.ErrorHandlingResultCallback.onResult(ErrorHandlingResultCallback.java:48)
	at com.mongodb.internal.connection.DefaultServer$DefaultServerProtocolExecutor$2.onResult(DefaultServer.java:280)
	at com.mongodb.internal.async.ErrorHandlingResultCallback.onResult(ErrorHandlingResultCallback.java:48)
	at com.mongodb.internal.connection.CommandProtocolImpl$1.onResult(CommandProtocolImpl.java:84)
	at com.mongodb.internal.connection.DefaultConnectionPool$PooledConnection$1.onResult(DefaultConnectionPool.java:687)
	at com.mongodb.internal.connection.UsageTrackingInternalConnection$2.onResult(UsageTrackingInternalConnection.java:159)
	at com.mongodb.internal.async.ErrorHandlingResultCallback.onResult(ErrorHandlingResultCallback.java:48)
	at com.mongodb.internal.connection.InternalStreamConnection$2$1.onResult(InternalStreamConnection.java:526)
	at com.mongodb.internal.connection.InternalStreamConnection$2$1.onResult(InternalStreamConnection.java:503)
	at com.mongodb.internal.connection.InternalStreamConnection$MessageHeaderCallback$MessageCallback.onResult(InternalStreamConnection.java:815)
	at com.mongodb.internal.connection.InternalStreamConnection$MessageHeaderCallback$MessageCallback.onResult(InternalStreamConnection.java:782)
	at com.mongodb.internal.connection.InternalStreamConnection$5.completed(InternalStreamConnection.java:650)
	at com.mongodb.internal.connection.InternalStreamConnection$5.completed(InternalStreamConnection.java:647)
	at com.mongodb.connection.netty.NettyStream.readAsync(NettyStream.java:319)
	at com.mongodb.connection.netty.NettyStream.readAsync(NettyStream.java:266)
	at com.mongodb.internal.connection.InternalStreamConnection.readAsync(InternalStreamConnection.java:647)
	at com.mongodb.internal.connection.InternalStreamConnection.access$600(InternalStreamConnection.java:86)
	at com.mongodb.internal.connection.InternalStreamConnection$MessageHeaderCallback.onResult(InternalStreamConnection.java:772)
	at com.mongodb.internal.connection.InternalStreamConnection$MessageHeaderCallback.onResult(InternalStreamConnection.java:757)
	at com.mongodb.internal.connection.InternalStreamConnection$5.completed(InternalStreamConnection.java:650)
	at com.mongodb.internal.connection.InternalStreamConnection$5.completed(InternalStreamConnection.java:647)
	at com.mongodb.connection.netty.NettyStream.readAsync(NettyStream.java:319)
	at com.mongodb.connection.netty.NettyStream.handleReadResponse(NettyStream.java:347)
	at com.mongodb.connection.netty.NettyStream.access$1100(NettyStream.java:105)
	at com.mongodb.connection.netty.NettyStream$InboundBufferHandler.channelRead0(NettyStream.java:421)
	at com.mongodb.connection.netty.NettyStream$InboundBufferHandler.channelRead0(NettyStream.java:418)
	at io.netty.channel.SimpleChannelInboundHandler.channelRead(SimpleChannelInboundHandler.java:99)
	at io.netty.channel.AbstractChannelHandlerContext.invokeChannelRead(AbstractChannelHandlerContext.java:379)
	at io.netty.channel.AbstractChannelHandlerContext.invokeChannelRead(AbstractChannelHandlerContext.java:365)
	at io.netty.channel.AbstractChannelHandlerContext.fireChannelRead(AbstractChannelHandlerContext.java:357)
	at io.netty.handler.ssl.SslHandler.unwrap(SslHandler.java:1372)
	at io.netty.handler.ssl.SslHandler.decodeJdkCompatible(SslHandler.java:1235)
	at io.netty.handler.ssl.SslHandler.decode(SslHandler.java:1284)
	at io.netty.handler.codec.ByteToMessageDecoder.decodeRemovalReentryProtection(ByteToMessageDecoder.java:510)
	at io.netty.handler.codec.ByteToMessageDecoder.callDecode(ByteToMessageDecoder.java:449)
	at io.netty.handler.codec.ByteToMessageDecoder.channelRead(ByteToMessageDecoder.java:279)
	at io.netty.channel.AbstractChannelHandlerContext.invokeChannelRead(AbstractChannelHandlerContext.java:379)
	at io.netty.channel.AbstractChannelHandlerContext.invokeChannelRead(AbstractChannelHandlerContext.java:365)
	at io.netty.channel.AbstractChannelHandlerContext.fireChannelRead(AbstractChannelHandlerContext.java:357)
	at io.netty.channel.DefaultChannelPipeline$HeadContext.channelRead(DefaultChannelPipeline.java:1410)
	at io.netty.channel.AbstractChannelHandlerContext.invokeChannelRead(AbstractChannelHandlerContext.java:379)
	at io.netty.channel.AbstractChannelHandlerContext.invokeChannelRead(AbstractChannelHandlerContext.java:365)
	at io.netty.channel.DefaultChannelPipeline.fireChannelRead(DefaultChannelPipeline.java:919)
	at io.netty.channel.nio.AbstractNioByteChannel$NioByteUnsafe.read(AbstractNioByteChannel.java:166)
	at io.netty.channel.nio.NioEventLoop.processSelectedKey(NioEventLoop.java:722)
	at io.netty.channel.nio.NioEventLoop.processSelectedKeysOptimized(NioEventLoop.java:658)
	at io.netty.channel.nio.NioEventLoop.processSelectedKeys(NioEventLoop.java:584)
	at io.netty.channel.nio.NioEventLoop.run(NioEventLoop.java:496)
	at io.netty.util.concurrent.SingleThreadEventExecutor$4.run(SingleThreadEventExecutor.java:986)
	at io.netty.util.internal.ThreadExecutorMap$2.run(ThreadExecutorMap.java:74)
	at io.netty.util.concurrent.FastThreadLocalRunnable.run(FastThreadLocalRunnable.java:30)
	at java.lang.Thread.run(Thread.java:750)
2022-05-09 18:10:50,581 INFO com.group7.accountsservice.serviceimpl.AccountServiceImpl [nioEventLoopGroup-3-9] Created new account with ID: 62799f7a7b37e6217b58fa65
2022-05-09 18:10:59,036 ERROR com.group7.accountsservice.serviceimpl.AccountServiceImpl [nioEventLoopGroup-3-9] Error creating new Account
com.group7.accountsservice.exception.account.AccountCreationException: Client already have a Current account
	at com.group7.accountsservice.serviceimpl.AccountServiceImpl.lambda$save$11(AccountServiceImpl.java:89)
	at reactor.core.publisher.Mono.lambda$onErrorMap$31(Mono.java:3733)
	at reactor.core.publisher.FluxOnErrorResume$ResumeSubscriber.onError(FluxOnErrorResume.java:94)
	at reactor.core.publisher.FluxMapFuseable$MapFuseableSubscriber.onError(FluxMapFuseable.java:140)
	at reactor.core.publisher.MonoFlatMap$FlatMapMain.onError(MonoFlatMap.java:172)
	at reactor.core.publisher.FluxMapFuseable$MapFuseableSubscriber.onError(FluxMapFuseable.java:140)
	at reactor.core.publisher.MonoFlatMap$FlatMapMain.secondError(MonoFlatMap.java:192)
	at reactor.core.publisher.MonoFlatMap$FlatMapInner.onError(MonoFlatMap.java:259)
	at reactor.core.publisher.MonoFlatMap$FlatMapMain.onNext(MonoFlatMap.java:142)
	at reactor.core.publisher.Operators$MonoSubscriber.complete(Operators.java:1816)
	at reactor.core.publisher.MonoHasElements$HasElementsSubscriber.onNext(MonoHasElements.java:82)
	at reactor.core.publisher.FluxUsingWhen$UsingWhenSubscriber.onNext(FluxUsingWhen.java:345)
	at reactor.core.publisher.FluxOnErrorResume$ResumeSubscriber.onNext(FluxOnErrorResume.java:79)
	at reactor.core.publisher.MonoFlatMapMany$FlatMapManyInner.onNext(MonoFlatMapMany.java:250)
	at reactor.core.publisher.FluxConcatMap$ConcatMapImmediate.drain(FluxConcatMap.java:431)
	at reactor.core.publisher.FluxConcatMap$ConcatMapImmediate.onNext(FluxConcatMap.java:251)
	at reactor.core.publisher.FluxCreate$BufferAsyncSink.drain(FluxCreate.java:814)
	at reactor.core.publisher.FluxCreate$BufferAsyncSink.next(FluxCreate.java:739)
	at reactor.core.publisher.FluxCreate$SerializedFluxSink.next(FluxCreate.java:161)
	at java.util.ArrayList.forEach(ArrayList.java:1259)
	at com.mongodb.reactivestreams.client.internal.BatchCursorFlux.lambda$recurseCursor$4(BatchCursorFlux.java:94)
	at reactor.core.publisher.MonoPeekTerminal$MonoTerminalPeekSubscriber.onNext(MonoPeekTerminal.java:171)
	at reactor.core.publisher.MonoPeekTerminal$MonoTerminalPeekSubscriber.onNext(MonoPeekTerminal.java:180)
	at reactor.core.publisher.FluxPeekFuseable$PeekConditionalSubscriber.onNext(FluxPeekFuseable.java:854)
	at reactor.core.publisher.MonoCreate$DefaultMonoSink.success(MonoCreate.java:172)
	at com.mongodb.reactivestreams.client.internal.MongoOperationPublisher.lambda$sinkToCallback$30(MongoOperationPublisher.java:549)
	at com.mongodb.internal.operation.AsyncQueryBatchCursor.next(AsyncQueryBatchCursor.java:167)
	at com.mongodb.reactivestreams.client.internal.BatchCursor.lambda$next$0(BatchCursor.java:35)
	at reactor.core.publisher.MonoCreate.subscribe(MonoCreate.java:58)
	at reactor.core.publisher.Mono.subscribe(Mono.java:4400)
	at reactor.core.publisher.Mono.subscribeWith(Mono.java:4515)
	at reactor.core.publisher.Mono.subscribe(Mono.java:4232)
	at com.mongodb.reactivestreams.client.internal.BatchCursorFlux.recurseCursor(BatchCursorFlux.java:104)
	at com.mongodb.reactivestreams.client.internal.BatchCursorFlux.lambda$subscribe$0(BatchCursorFlux.java:56)
	at reactor.core.publisher.LambdaMonoSubscriber.onNext(LambdaMonoSubscriber.java:171)
	at reactor.core.publisher.FluxMap$MapSubscriber.onNext(FluxMap.java:120)
	at reactor.core.publisher.MonoNext$NextSubscriber.onNext(MonoNext.java:82)
	at reactor.core.publisher.MonoNext$NextSubscriber.onNext(MonoNext.java:82)
	at reactor.core.publisher.Operators$MonoSubscriber.complete(Operators.java:1816)
	at reactor.core.publisher.MonoFlatMap$FlatMapInner.onNext(MonoFlatMap.java:249)
	at reactor.core.publisher.MonoPeekTerminal$MonoTerminalPeekSubscriber.onNext(MonoPeekTerminal.java:180)
	at reactor.core.publisher.MonoCreate$DefaultMonoSink.success(MonoCreate.java:172)
	at com.mongodb.reactivestreams.client.internal.MongoOperationPublisher.lambda$sinkToCallback$30(MongoOperationPublisher.java:549)
	at com.mongodb.reactivestreams.client.internal.OperationExecutorImpl.lambda$execute$2(OperationExecutorImpl.java:92)
	at com.mongodb.internal.async.ErrorHandlingResultCallback.onResult(ErrorHandlingResultCallback.java:48)
	at com.mongodb.internal.async.function.AsyncCallbackSupplier.lambda$whenComplete$1(AsyncCallbackSupplier.java:95)
	at com.mongodb.internal.async.function.RetryingAsyncCallbackSupplier$RetryingCallback.onResult(RetryingAsyncCallbackSupplier.java:114)
	at com.mongodb.internal.async.ErrorHandlingResultCallback.onResult(ErrorHandlingResultCallback.java:48)
	at com.mongodb.internal.async.function.AsyncCallbackSupplier.lambda$whenComplete$1(AsyncCallbackSupplier.java:95)
	at com.mongodb.internal.async.ErrorHandlingResultCallback.onResult(ErrorHandlingResultCallback.java:48)
	at com.mongodb.internal.async.function.AsyncCallbackSupplier.lambda$whenComplete$1(AsyncCallbackSupplier.java:95)
	at com.mongodb.internal.operation.FindOperation$2.onResult(FindOperation.java:762)
	at com.mongodb.internal.operation.CommandOperationHelper.lambda$transformingReadCallback$10(CommandOperationHelper.java:329)
	at com.mongodb.internal.async.ErrorHandlingResultCallback.onResult(ErrorHandlingResultCallback.java:48)
	at com.mongodb.internal.connection.DefaultServer$DefaultServerProtocolExecutor$2.onResult(DefaultServer.java:280)
	at com.mongodb.internal.async.ErrorHandlingResultCallback.onResult(ErrorHandlingResultCallback.java:48)
	at com.mongodb.internal.connection.CommandProtocolImpl$1.onResult(CommandProtocolImpl.java:84)
	at com.mongodb.internal.connection.DefaultConnectionPool$PooledConnection$1.onResult(DefaultConnectionPool.java:687)
	at com.mongodb.internal.connection.UsageTrackingInternalConnection$2.onResult(UsageTrackingInternalConnection.java:159)
	at com.mongodb.internal.async.ErrorHandlingResultCallback.onResult(ErrorHandlingResultCallback.java:48)
	at com.mongodb.internal.connection.InternalStreamConnection$2$1.onResult(InternalStreamConnection.java:526)
	at com.mongodb.internal.connection.InternalStreamConnection$2$1.onResult(InternalStreamConnection.java:503)
	at com.mongodb.internal.connection.InternalStreamConnection$MessageHeaderCallback$MessageCallback.onResult(InternalStreamConnection.java:815)
	at com.mongodb.internal.connection.InternalStreamConnection$MessageHeaderCallback$MessageCallback.onResult(InternalStreamConnection.java:782)
	at com.mongodb.internal.connection.InternalStreamConnection$5.completed(InternalStreamConnection.java:650)
	at com.mongodb.internal.connection.InternalStreamConnection$5.completed(InternalStreamConnection.java:647)
	at com.mongodb.connection.netty.NettyStream.readAsync(NettyStream.java:319)
	at com.mongodb.connection.netty.NettyStream.readAsync(NettyStream.java:266)
	at com.mongodb.internal.connection.InternalStreamConnection.readAsync(InternalStreamConnection.java:647)
	at com.mongodb.internal.connection.InternalStreamConnection.access$600(InternalStreamConnection.java:86)
	at com.mongodb.internal.connection.InternalStreamConnection$MessageHeaderCallback.onResult(InternalStreamConnection.java:772)
	at com.mongodb.internal.connection.InternalStreamConnection$MessageHeaderCallback.onResult(InternalStreamConnection.java:757)
	at com.mongodb.internal.connection.InternalStreamConnection$5.completed(InternalStreamConnection.java:650)
	at com.mongodb.internal.connection.InternalStreamConnection$5.completed(InternalStreamConnection.java:647)
	at com.mongodb.connection.netty.NettyStream.readAsync(NettyStream.java:319)
	at com.mongodb.connection.netty.NettyStream.handleReadResponse(NettyStream.java:347)
	at com.mongodb.connection.netty.NettyStream.access$1100(NettyStream.java:105)
	at com.mongodb.connection.netty.NettyStream$InboundBufferHandler.channelRead0(NettyStream.java:421)
	at com.mongodb.connection.netty.NettyStream$InboundBufferHandler.channelRead0(NettyStream.java:418)
	at io.netty.channel.SimpleChannelInboundHandler.channelRead(SimpleChannelInboundHandler.java:99)
	at io.netty.channel.AbstractChannelHandlerContext.invokeChannelRead(AbstractChannelHandlerContext.java:379)
	at io.netty.channel.AbstractChannelHandlerContext.invokeChannelRead(AbstractChannelHandlerContext.java:365)
	at io.netty.channel.AbstractChannelHandlerContext.fireChannelRead(AbstractChannelHandlerContext.java:357)
	at io.netty.handler.ssl.SslHandler.unwrap(SslHandler.java:1372)
	at io.netty.handler.ssl.SslHandler.decodeJdkCompatible(SslHandler.java:1235)
	at io.netty.handler.ssl.SslHandler.decode(SslHandler.java:1284)
	at io.netty.handler.codec.ByteToMessageDecoder.decodeRemovalReentryProtection(ByteToMessageDecoder.java:510)
	at io.netty.handler.codec.ByteToMessageDecoder.callDecode(ByteToMessageDecoder.java:449)
	at io.netty.handler.codec.ByteToMessageDecoder.channelRead(ByteToMessageDecoder.java:279)
	at io.netty.channel.AbstractChannelHandlerContext.invokeChannelRead(AbstractChannelHandlerContext.java:379)
	at io.netty.channel.AbstractChannelHandlerContext.invokeChannelRead(AbstractChannelHandlerContext.java:365)
	at io.netty.channel.AbstractChannelHandlerContext.fireChannelRead(AbstractChannelHandlerContext.java:357)
	at io.netty.channel.DefaultChannelPipeline$HeadContext.channelRead(DefaultChannelPipeline.java:1410)
	at io.netty.channel.AbstractChannelHandlerContext.invokeChannelRead(AbstractChannelHandlerContext.java:379)
	at io.netty.channel.AbstractChannelHandlerContext.invokeChannelRead(AbstractChannelHandlerContext.java:365)
	at io.netty.channel.DefaultChannelPipeline.fireChannelRead(DefaultChannelPipeline.java:919)
	at io.netty.channel.nio.AbstractNioByteChannel$NioByteUnsafe.read(AbstractNioByteChannel.java:166)
	at io.netty.channel.nio.NioEventLoop.processSelectedKey(NioEventLoop.java:722)
	at io.netty.channel.nio.NioEventLoop.processSelectedKeysOptimized(NioEventLoop.java:658)
	at io.netty.channel.nio.NioEventLoop.processSelectedKeys(NioEventLoop.java:584)
	at io.netty.channel.nio.NioEventLoop.run(NioEventLoop.java:496)
	at io.netty.util.concurrent.SingleThreadEventExecutor$4.run(SingleThreadEventExecutor.java:986)
	at io.netty.util.internal.ThreadExecutorMap$2.run(ThreadExecutorMap.java:74)
	at io.netty.util.concurrent.FastThreadLocalRunnable.run(FastThreadLocalRunnable.java:30)
	at java.lang.Thread.run(Thread.java:750)
2022-05-09 18:11:19,909 INFO com.group7.accountsservice.serviceimpl.AccountServiceImpl [nioEventLoopGroup-3-9] Created new account with ID: 62799f977b37e6217b58fa66
2022-05-09 18:11:20,977 INFO com.group7.accountsservice.serviceimpl.AccountServiceImpl [nioEventLoopGroup-3-9] Created new account with ID: 62799f987b37e6217b58fa67
2022-05-09 18:11:22,390 INFO com.group7.accountsservice.serviceimpl.AccountServiceImpl [nioEventLoopGroup-3-9] Created new account with ID: 62799f9a7b37e6217b58fa68
2022-05-09 18:11:25,905 ERROR com.group7.accountsservice.serviceimpl.AccountServiceImpl [reactor-http-nio-3] Error creating new Account
com.group7.accountsservice.exception.account.AccountCreationException: A business account can only be of 'Current' type and must have at least one account holder
	at com.group7.accountsservice.serviceimpl.AccountServiceImpl.lambda$save$11(AccountServiceImpl.java:89)
	at reactor.core.publisher.Mono.lambda$onErrorMap$31(Mono.java:3733)
	at reactor.core.publisher.FluxOnErrorResume$ResumeSubscriber.onError(FluxOnErrorResume.java:94)
	at reactor.core.publisher.FluxMapFuseable$MapFuseableSubscriber.onError(FluxMapFuseable.java:140)
	at reactor.core.publisher.MonoFlatMap$FlatMapMain.onError(MonoFlatMap.java:172)
	at reactor.core.publisher.FluxMapFuseable$MapFuseableSubscriber.onError(FluxMapFuseable.java:140)
	at reactor.core.publisher.FluxMapFuseable$MapFuseableSubscriber.onNext(FluxMapFuseable.java:119)
	at reactor.core.publisher.Operators$MonoSubscriber.complete(Operators.java:1816)
	at reactor.core.publisher.MonoFlatMap$FlatMapMain.onNext(MonoFlatMap.java:151)
	at reactor.core.publisher.Operators$MonoSubscriber.complete(Operators.java:1816)
	at reactor.core.publisher.MonoFlatMap$FlatMapInner.onNext(MonoFlatMap.java:249)
	at reactor.core.publisher.FluxOnErrorResume$ResumeSubscriber.onNext(FluxOnErrorResume.java:79)
	at reactor.core.publisher.FluxOnAssembly$OnAssemblySubscriber.onNext(FluxOnAssembly.java:539)
	at reactor.core.publisher.Operators$MonoSubscriber.complete(Operators.java:1816)
	at reactor.core.publisher.MonoFlatMap$FlatMapMain.onNext(MonoFlatMap.java:151)
	at reactor.core.publisher.FluxContextWrite$ContextWriteSubscriber.onNext(FluxContextWrite.java:107)
	at reactor.core.publisher.FluxMapFuseable$MapFuseableConditionalSubscriber.onNext(FluxMapFuseable.java:295)
	at reactor.core.publisher.FluxFilterFuseable$FilterFuseableConditionalSubscriber.onNext(FluxFilterFuseable.java:337)
	at reactor.core.publisher.Operators$MonoSubscriber.complete(Operators.java:1816)
	at reactor.core.publisher.MonoCollect$CollectSubscriber.onComplete(MonoCollect.java:159)
	at reactor.core.publisher.FluxMap$MapSubscriber.onComplete(FluxMap.java:142)
	at reactor.core.publisher.FluxPeek$PeekSubscriber.onComplete(FluxPeek.java:260)
	at reactor.core.publisher.FluxMap$MapSubscriber.onComplete(FluxMap.java:142)
	at reactor.netty.channel.FluxReceive.onInboundComplete(FluxReceive.java:400)
	at reactor.netty.channel.ChannelOperations.onInboundComplete(ChannelOperations.java:419)
	at reactor.netty.channel.ChannelOperations.terminate(ChannelOperations.java:473)
	at reactor.netty.http.client.HttpClientOperations.onInboundNext(HttpClientOperations.java:703)
	at reactor.netty.channel.ChannelOperationsHandler.channelRead(ChannelOperationsHandler.java:93)
	at io.netty.channel.AbstractChannelHandlerContext.invokeChannelRead(AbstractChannelHandlerContext.java:379)
	at io.netty.channel.AbstractChannelHandlerContext.invokeChannelRead(AbstractChannelHandlerContext.java:365)
	at io.netty.channel.AbstractChannelHandlerContext.fireChannelRead(AbstractChannelHandlerContext.java:357)
	at io.netty.handler.codec.MessageToMessageDecoder.channelRead(MessageToMessageDecoder.java:103)
	at io.netty.channel.AbstractChannelHandlerContext.invokeChannelRead(AbstractChannelHandlerContext.java:379)
	at io.netty.channel.AbstractChannelHandlerContext.invokeChannelRead(AbstractChannelHandlerContext.java:365)
	at io.netty.channel.AbstractChannelHandlerContext.fireChannelRead(AbstractChannelHandlerContext.java:357)
	at io.netty.channel.CombinedChannelDuplexHandler$DelegatingChannelHandlerContext.fireChannelRead(CombinedChannelDuplexHandler.java:436)
	at io.netty.handler.codec.ByteToMessageDecoder.fireChannelRead(ByteToMessageDecoder.java:327)
	at io.netty.handler.codec.ByteToMessageDecoder.channelRead(ByteToMessageDecoder.java:299)
	at io.netty.channel.CombinedChannelDuplexHandler.channelRead(CombinedChannelDuplexHandler.java:251)
	at io.netty.channel.AbstractChannelHandlerContext.invokeChannelRead(AbstractChannelHandlerContext.java:379)
	at io.netty.channel.AbstractChannelHandlerContext.invokeChannelRead(AbstractChannelHandlerContext.java:365)
	at io.netty.channel.AbstractChannelHandlerContext.fireChannelRead(AbstractChannelHandlerContext.java:357)
	at io.netty.channel.DefaultChannelPipeline$HeadContext.channelRead(DefaultChannelPipeline.java:1410)
	at io.netty.channel.AbstractChannelHandlerContext.invokeChannelRead(AbstractChannelHandlerContext.java:379)
	at io.netty.channel.AbstractChannelHandlerContext.invokeChannelRead(AbstractChannelHandlerContext.java:365)
	at io.netty.channel.DefaultChannelPipeline.fireChannelRead(DefaultChannelPipeline.java:919)
	at io.netty.channel.nio.AbstractNioByteChannel$NioByteUnsafe.read(AbstractNioByteChannel.java:166)
	at io.netty.channel.nio.NioEventLoop.processSelectedKey(NioEventLoop.java:722)
	at io.netty.channel.nio.NioEventLoop.processSelectedKeysOptimized(NioEventLoop.java:658)
	at io.netty.channel.nio.NioEventLoop.processSelectedKeys(NioEventLoop.java:584)
	at io.netty.channel.nio.NioEventLoop.run(NioEventLoop.java:496)
	at io.netty.util.concurrent.SingleThreadEventExecutor$4.run(SingleThreadEventExecutor.java:986)
	at io.netty.util.internal.ThreadExecutorMap$2.run(ThreadExecutorMap.java:74)
	at io.netty.util.concurrent.FastThreadLocalRunnable.run(FastThreadLocalRunnable.java:30)
	at java.lang.Thread.run(Thread.java:750)
2022-05-09 18:11:38,563 ERROR com.group7.accountsservice.serviceimpl.AccountServiceImpl [reactor-http-nio-3] Error creating new Account
com.group7.accountsservice.exception.account.AccountCreationException: A business account can only be of 'Current' type and must have at least one account holder
	at com.group7.accountsservice.serviceimpl.AccountServiceImpl.lambda$save$11(AccountServiceImpl.java:89)
	at reactor.core.publisher.Mono.lambda$onErrorMap$31(Mono.java:3733)
	at reactor.core.publisher.FluxOnErrorResume$ResumeSubscriber.onError(FluxOnErrorResume.java:94)
	at reactor.core.publisher.FluxMapFuseable$MapFuseableSubscriber.onError(FluxMapFuseable.java:140)
	at reactor.core.publisher.MonoFlatMap$FlatMapMain.onError(MonoFlatMap.java:172)
	at reactor.core.publisher.FluxMapFuseable$MapFuseableSubscriber.onError(FluxMapFuseable.java:140)
	at reactor.core.publisher.FluxMapFuseable$MapFuseableSubscriber.onNext(FluxMapFuseable.java:119)
	at reactor.core.publisher.Operators$MonoSubscriber.complete(Operators.java:1816)
	at reactor.core.publisher.MonoFlatMap$FlatMapMain.onNext(MonoFlatMap.java:151)
	at reactor.core.publisher.Operators$MonoSubscriber.complete(Operators.java:1816)
	at reactor.core.publisher.MonoFlatMap$FlatMapInner.onNext(MonoFlatMap.java:249)
	at reactor.core.publisher.FluxOnErrorResume$ResumeSubscriber.onNext(FluxOnErrorResume.java:79)
	at reactor.core.publisher.FluxOnAssembly$OnAssemblySubscriber.onNext(FluxOnAssembly.java:539)
	at reactor.core.publisher.Operators$MonoSubscriber.complete(Operators.java:1816)
	at reactor.core.publisher.MonoFlatMap$FlatMapMain.onNext(MonoFlatMap.java:151)
	at reactor.core.publisher.FluxContextWrite$ContextWriteSubscriber.onNext(FluxContextWrite.java:107)
	at reactor.core.publisher.FluxMapFuseable$MapFuseableConditionalSubscriber.onNext(FluxMapFuseable.java:295)
	at reactor.core.publisher.FluxFilterFuseable$FilterFuseableConditionalSubscriber.onNext(FluxFilterFuseable.java:337)
	at reactor.core.publisher.Operators$MonoSubscriber.complete(Operators.java:1816)
	at reactor.core.publisher.MonoCollect$CollectSubscriber.onComplete(MonoCollect.java:159)
	at reactor.core.publisher.FluxMap$MapSubscriber.onComplete(FluxMap.java:142)
	at reactor.core.publisher.FluxPeek$PeekSubscriber.onComplete(FluxPeek.java:260)
	at reactor.core.publisher.FluxMap$MapSubscriber.onComplete(FluxMap.java:142)
	at reactor.netty.channel.FluxReceive.onInboundComplete(FluxReceive.java:400)
	at reactor.netty.channel.ChannelOperations.onInboundComplete(ChannelOperations.java:419)
	at reactor.netty.channel.ChannelOperations.terminate(ChannelOperations.java:473)
	at reactor.netty.http.client.HttpClientOperations.onInboundNext(HttpClientOperations.java:703)
	at reactor.netty.channel.ChannelOperationsHandler.channelRead(ChannelOperationsHandler.java:93)
	at io.netty.channel.AbstractChannelHandlerContext.invokeChannelRead(AbstractChannelHandlerContext.java:379)
	at io.netty.channel.AbstractChannelHandlerContext.invokeChannelRead(AbstractChannelHandlerContext.java:365)
	at io.netty.channel.AbstractChannelHandlerContext.fireChannelRead(AbstractChannelHandlerContext.java:357)
	at io.netty.handler.codec.MessageToMessageDecoder.channelRead(MessageToMessageDecoder.java:103)
	at io.netty.channel.AbstractChannelHandlerContext.invokeChannelRead(AbstractChannelHandlerContext.java:379)
	at io.netty.channel.AbstractChannelHandlerContext.invokeChannelRead(AbstractChannelHandlerContext.java:365)
	at io.netty.channel.AbstractChannelHandlerContext.fireChannelRead(AbstractChannelHandlerContext.java:357)
	at io.netty.channel.CombinedChannelDuplexHandler$DelegatingChannelHandlerContext.fireChannelRead(CombinedChannelDuplexHandler.java:436)
	at io.netty.handler.codec.ByteToMessageDecoder.fireChannelRead(ByteToMessageDecoder.java:327)
	at io.netty.handler.codec.ByteToMessageDecoder.channelRead(ByteToMessageDecoder.java:299)
	at io.netty.channel.CombinedChannelDuplexHandler.channelRead(CombinedChannelDuplexHandler.java:251)
	at io.netty.channel.AbstractChannelHandlerContext.invokeChannelRead(AbstractChannelHandlerContext.java:379)
	at io.netty.channel.AbstractChannelHandlerContext.invokeChannelRead(AbstractChannelHandlerContext.java:365)
	at io.netty.channel.AbstractChannelHandlerContext.fireChannelRead(AbstractChannelHandlerContext.java:357)
	at io.netty.channel.DefaultChannelPipeline$HeadContext.channelRead(DefaultChannelPipeline.java:1410)
	at io.netty.channel.AbstractChannelHandlerContext.invokeChannelRead(AbstractChannelHandlerContext.java:379)
	at io.netty.channel.AbstractChannelHandlerContext.invokeChannelRead(AbstractChannelHandlerContext.java:365)
	at io.netty.channel.DefaultChannelPipeline.fireChannelRead(DefaultChannelPipeline.java:919)
	at io.netty.channel.nio.AbstractNioByteChannel$NioByteUnsafe.read(AbstractNioByteChannel.java:166)
	at io.netty.channel.nio.NioEventLoop.processSelectedKey(NioEventLoop.java:722)
	at io.netty.channel.nio.NioEventLoop.processSelectedKeysOptimized(NioEventLoop.java:658)
	at io.netty.channel.nio.NioEventLoop.processSelectedKeys(NioEventLoop.java:584)
	at io.netty.channel.nio.NioEventLoop.run(NioEventLoop.java:496)
	at io.netty.util.concurrent.SingleThreadEventExecutor$4.run(SingleThreadEventExecutor.java:986)
	at io.netty.util.internal.ThreadExecutorMap$2.run(ThreadExecutorMap.java:74)
	at io.netty.util.concurrent.FastThreadLocalRunnable.run(FastThreadLocalRunnable.java:30)
	at java.lang.Thread.run(Thread.java:750)
2022-05-09 18:11:51,918 ERROR com.group7.accountsservice.serviceimpl.AccountServiceImpl [reactor-http-nio-3] Error creating new Account
com.group7.accountsservice.exception.account.AccountCreationException: A business account can only be of 'Current' type and must have at least one account holder
	at com.group7.accountsservice.serviceimpl.AccountServiceImpl.lambda$save$11(AccountServiceImpl.java:89)
	at reactor.core.publisher.Mono.lambda$onErrorMap$31(Mono.java:3733)
	at reactor.core.publisher.FluxOnErrorResume$ResumeSubscriber.onError(FluxOnErrorResume.java:94)
	at reactor.core.publisher.FluxMapFuseable$MapFuseableSubscriber.onError(FluxMapFuseable.java:140)
	at reactor.core.publisher.MonoFlatMap$FlatMapMain.onError(MonoFlatMap.java:172)
	at reactor.core.publisher.FluxMapFuseable$MapFuseableSubscriber.onError(FluxMapFuseable.java:140)
	at reactor.core.publisher.FluxMapFuseable$MapFuseableSubscriber.onNext(FluxMapFuseable.java:119)
	at reactor.core.publisher.Operators$MonoSubscriber.complete(Operators.java:1816)
	at reactor.core.publisher.MonoFlatMap$FlatMapMain.onNext(MonoFlatMap.java:151)
	at reactor.core.publisher.Operators$MonoSubscriber.complete(Operators.java:1816)
	at reactor.core.publisher.MonoFlatMap$FlatMapInner.onNext(MonoFlatMap.java:249)
	at reactor.core.publisher.FluxOnErrorResume$ResumeSubscriber.onNext(FluxOnErrorResume.java:79)
	at reactor.core.publisher.FluxOnAssembly$OnAssemblySubscriber.onNext(FluxOnAssembly.java:539)
	at reactor.core.publisher.Operators$MonoSubscriber.complete(Operators.java:1816)
	at reactor.core.publisher.MonoFlatMap$FlatMapMain.onNext(MonoFlatMap.java:151)
	at reactor.core.publisher.FluxContextWrite$ContextWriteSubscriber.onNext(FluxContextWrite.java:107)
	at reactor.core.publisher.FluxMapFuseable$MapFuseableConditionalSubscriber.onNext(FluxMapFuseable.java:295)
	at reactor.core.publisher.FluxFilterFuseable$FilterFuseableConditionalSubscriber.onNext(FluxFilterFuseable.java:337)
	at reactor.core.publisher.Operators$MonoSubscriber.complete(Operators.java:1816)
	at reactor.core.publisher.MonoCollect$CollectSubscriber.onComplete(MonoCollect.java:159)
	at reactor.core.publisher.FluxMap$MapSubscriber.onComplete(FluxMap.java:142)
	at reactor.core.publisher.FluxPeek$PeekSubscriber.onComplete(FluxPeek.java:260)
	at reactor.core.publisher.FluxMap$MapSubscriber.onComplete(FluxMap.java:142)
	at reactor.netty.channel.FluxReceive.onInboundComplete(FluxReceive.java:400)
	at reactor.netty.channel.ChannelOperations.onInboundComplete(ChannelOperations.java:419)
	at reactor.netty.channel.ChannelOperations.terminate(ChannelOperations.java:473)
	at reactor.netty.http.client.HttpClientOperations.onInboundNext(HttpClientOperations.java:703)
	at reactor.netty.channel.ChannelOperationsHandler.channelRead(ChannelOperationsHandler.java:93)
	at io.netty.channel.AbstractChannelHandlerContext.invokeChannelRead(AbstractChannelHandlerContext.java:379)
	at io.netty.channel.AbstractChannelHandlerContext.invokeChannelRead(AbstractChannelHandlerContext.java:365)
	at io.netty.channel.AbstractChannelHandlerContext.fireChannelRead(AbstractChannelHandlerContext.java:357)
	at io.netty.handler.codec.MessageToMessageDecoder.channelRead(MessageToMessageDecoder.java:103)
	at io.netty.channel.AbstractChannelHandlerContext.invokeChannelRead(AbstractChannelHandlerContext.java:379)
	at io.netty.channel.AbstractChannelHandlerContext.invokeChannelRead(AbstractChannelHandlerContext.java:365)
	at io.netty.channel.AbstractChannelHandlerContext.fireChannelRead(AbstractChannelHandlerContext.java:357)
	at io.netty.channel.CombinedChannelDuplexHandler$DelegatingChannelHandlerContext.fireChannelRead(CombinedChannelDuplexHandler.java:436)
	at io.netty.handler.codec.ByteToMessageDecoder.fireChannelRead(ByteToMessageDecoder.java:327)
	at io.netty.handler.codec.ByteToMessageDecoder.channelRead(ByteToMessageDecoder.java:299)
	at io.netty.channel.CombinedChannelDuplexHandler.channelRead(CombinedChannelDuplexHandler.java:251)
	at io.netty.channel.AbstractChannelHandlerContext.invokeChannelRead(AbstractChannelHandlerContext.java:379)
	at io.netty.channel.AbstractChannelHandlerContext.invokeChannelRead(AbstractChannelHandlerContext.java:365)
	at io.netty.channel.AbstractChannelHandlerContext.fireChannelRead(AbstractChannelHandlerContext.java:357)
	at io.netty.channel.DefaultChannelPipeline$HeadContext.channelRead(DefaultChannelPipeline.java:1410)
	at io.netty.channel.AbstractChannelHandlerContext.invokeChannelRead(AbstractChannelHandlerContext.java:379)
	at io.netty.channel.AbstractChannelHandlerContext.invokeChannelRead(AbstractChannelHandlerContext.java:365)
	at io.netty.channel.DefaultChannelPipeline.fireChannelRead(DefaultChannelPipeline.java:919)
	at io.netty.channel.nio.AbstractNioByteChannel$NioByteUnsafe.read(AbstractNioByteChannel.java:166)
	at io.netty.channel.nio.NioEventLoop.processSelectedKey(NioEventLoop.java:722)
	at io.netty.channel.nio.NioEventLoop.processSelectedKeysOptimized(NioEventLoop.java:658)
	at io.netty.channel.nio.NioEventLoop.processSelectedKeys(NioEventLoop.java:584)
	at io.netty.channel.nio.NioEventLoop.run(NioEventLoop.java:496)
	at io.netty.util.concurrent.SingleThreadEventExecutor$4.run(SingleThreadEventExecutor.java:986)
	at io.netty.util.internal.ThreadExecutorMap$2.run(ThreadExecutorMap.java:74)
	at io.netty.util.concurrent.FastThreadLocalRunnable.run(FastThreadLocalRunnable.java:30)
	at java.lang.Thread.run(Thread.java:750)
2022-05-09 18:11:55,652 INFO com.group7.accountsservice.serviceimpl.AccountServiceImpl [nioEventLoopGroup-3-9] Created new account with ID: 62799fbb7b37e6217b58fa69
